{"/Users/emre/Desktop/yeni projeler/xdrive/backend/routes/auth.js": {"path":"/Users/emre/Desktop/yeni projeler/xdrive/backend/routes/auth.js","statementMap":{"0":{"start":{"line":1,"column":16},"end":{"line":1,"column":34}},"1":{"start":{"line":2,"column":15},"end":{"line":2,"column":31}},"2":{"start":{"line":7,"column":0},"end":{"line":10,"column":3}},"3":{"start":{"line":9,"column":2},"end":{"line":9,"column":58}},"4":{"start":{"line":12,"column":0},"end":{"line":15,"column":3}},"5":{"start":{"line":14,"column":2},"end":{"line":14,"column":62}},"6":{"start":{"line":17,"column":0},"end":{"line":17,"column":24}}},"fnMap":{"0":{"name":"(anonymous_0)","decl":{"start":{"line":7,"column":22},"end":{"line":7,"column":23}},"loc":{"start":{"line":7,"column":36},"end":{"line":10,"column":1}},"line":7},"1":{"name":"(anonymous_1)","decl":{"start":{"line":12,"column":25},"end":{"line":12,"column":26}},"loc":{"start":{"line":12,"column":39},"end":{"line":15,"column":1}},"line":12}},"branchMap":{},"s":{"0":2,"1":2,"2":2,"3":0,"4":2,"5":0,"6":2},"f":{"0":0,"1":0},"b":{},"_coverageSchema":"1a1c01bbd47fc00a2c39e90264f33305004495a9","hash":"14d60b5fdbed1b7521ffdf5b2fc3cce4abe1f0cc"}
,"/Users/emre/Desktop/yeni projeler/xdrive/backend/routes/cars.js": {"path":"/Users/emre/Desktop/yeni projeler/xdrive/backend/routes/cars.js","statementMap":{"0":{"start":{"line":1,"column":16},"end":{"line":1,"column":34}},"1":{"start":{"line":2,"column":15},"end":{"line":2,"column":31}},"2":{"start":{"line":3,"column":66},"end":{"line":3,"column":99}},"3":{"start":{"line":4,"column":40},"end":{"line":4,"column":79}},"4":{"start":{"line":7,"column":0},"end":{"line":146,"column":3}},"5":{"start":{"line":8,"column":2},"end":{"line":145,"column":3}},"6":{"start":{"line":25,"column":8},"end":{"line":25,"column":17}},"7":{"start":{"line":28,"column":4},"end":{"line":67,"column":5}},"8":{"start":{"line":30,"column":6},"end":{"line":64,"column":7}},"9":{"start":{"line":31,"column":20},"end":{"line":31,"column":44}},"10":{"start":{"line":32,"column":20},"end":{"line":32,"column":39}},"11":{"start":{"line":34,"column":8},"end":{"line":36,"column":9}},"12":{"start":{"line":35,"column":10},"end":{"line":35,"column":36}},"13":{"start":{"line":38,"column":8},"end":{"line":40,"column":9}},"14":{"start":{"line":39,"column":10},"end":{"line":39,"column":44}},"15":{"start":{"line":42,"column":8},"end":{"line":46,"column":9}},"16":{"start":{"line":43,"column":10},"end":{"line":43,"column":33}},"17":{"start":{"line":44,"column":10},"end":{"line":44,"column":66}},"18":{"start":{"line":44,"column":24},"end":{"line":44,"column":66}},"19":{"start":{"line":45,"column":10},"end":{"line":45,"column":66}},"20":{"start":{"line":45,"column":24},"end":{"line":45,"column":66}},"21":{"start":{"line":48,"column":26},"end":{"line":48,"column":28}},"22":{"start":{"line":49,"column":8},"end":{"line":55,"column":9}},"23":{"start":{"line":50,"column":10},"end":{"line":50,"column":62}},"24":{"start":{"line":51,"column":15},"end":{"line":55,"column":9}},"25":{"start":{"line":52,"column":10},"end":{"line":52,"column":57}},"26":{"start":{"line":54,"column":10},"end":{"line":54,"column":38}},"27":{"start":{"line":57,"column":21},"end":{"line":57,"column":60}},"28":{"start":{"line":58,"column":8},"end":{"line":60,"column":9}},"29":{"start":{"line":59,"column":10},"end":{"line":59,"column":32}},"30":{"start":{"line":63,"column":8},"end":{"line":63,"column":77}},"31":{"start":{"line":66,"column":6},"end":{"line":66,"column":26}},"32":{"start":{"line":70,"column":15},"end":{"line":70,"column":17}},"33":{"start":{"line":71,"column":4},"end":{"line":89,"column":5}},"34":{"start":{"line":72,"column":6},"end":{"line":82,"column":9}},"35":{"start":{"line":85,"column":6},"end":{"line":88,"column":9}},"36":{"start":{"line":92,"column":25},"end":{"line":92,"column":77}},"37":{"start":{"line":93,"column":28},"end":{"line":93,"column":88}},"38":{"start":{"line":93,"column":58},"end":{"line":93,"column":86}},"39":{"start":{"line":96,"column":23},"end":{"line":100,"column":6}},"40":{"start":{"line":98,"column":21},"end":{"line":98,"column":53}},"41":{"start":{"line":99,"column":6},"end":{"line":99,"column":42}},"42":{"start":{"line":102,"column":4},"end":{"line":106,"column":5}},"43":{"start":{"line":103,"column":6},"end":{"line":105,"column":8}},"44":{"start":{"line":104,"column":8},"end":{"line":104,"column":67}},"45":{"start":{"line":108,"column":4},"end":{"line":112,"column":5}},"46":{"start":{"line":109,"column":6},"end":{"line":111,"column":8}},"47":{"start":{"line":110,"column":8},"end":{"line":110,"column":69}},"48":{"start":{"line":114,"column":4},"end":{"line":116,"column":5}},"49":{"start":{"line":115,"column":6},"end":{"line":115,"column":85}},"50":{"start":{"line":115,"column":48},"end":{"line":115,"column":83}},"51":{"start":{"line":118,"column":4},"end":{"line":120,"column":5}},"52":{"start":{"line":119,"column":6},"end":{"line":119,"column":85}},"53":{"start":{"line":119,"column":48},"end":{"line":119,"column":83}},"54":{"start":{"line":123,"column":4},"end":{"line":135,"column":5}},"55":{"start":{"line":124,"column":6},"end":{"line":128,"column":9}},"56":{"start":{"line":125,"column":8},"end":{"line":127,"column":42}},"57":{"start":{"line":129,"column":11},"end":{"line":135,"column":5}},"58":{"start":{"line":130,"column":6},"end":{"line":134,"column":9}},"59":{"start":{"line":131,"column":8},"end":{"line":133,"column":32}},"60":{"start":{"line":137,"column":4},"end":{"line":137,"column":27}},"61":{"start":{"line":139,"column":4},"end":{"line":139,"column":51}},"62":{"start":{"line":140,"column":4},"end":{"line":140,"column":50}},"63":{"start":{"line":141,"column":4},"end":{"line":144,"column":7}},"64":{"start":{"line":149,"column":0},"end":{"line":164,"column":3}},"65":{"start":{"line":150,"column":2},"end":{"line":163,"column":3}},"66":{"start":{"line":151,"column":22},"end":{"line":151,"column":44}},"67":{"start":{"line":155,"column":4},"end":{"line":155,"column":89}},"68":{"start":{"line":156,"column":4},"end":{"line":156,"column":64}},"69":{"start":{"line":157,"column":4},"end":{"line":157,"column":71}},"70":{"start":{"line":159,"column":4},"end":{"line":159,"column":24}},"71":{"start":{"line":161,"column":4},"end":{"line":161,"column":53}},"72":{"start":{"line":162,"column":4},"end":{"line":162,"column":51}},"73":{"start":{"line":167,"column":0},"end":{"line":181,"column":3}},"74":{"start":{"line":168,"column":2},"end":{"line":180,"column":3}},"75":{"start":{"line":169,"column":19},"end":{"line":169,"column":38}},"76":{"start":{"line":172,"column":4},"end":{"line":172,"column":89}},"77":{"start":{"line":173,"column":4},"end":{"line":173,"column":64}},"78":{"start":{"line":174,"column":4},"end":{"line":174,"column":71}},"79":{"start":{"line":176,"column":4},"end":{"line":176,"column":21}},"80":{"start":{"line":178,"column":4},"end":{"line":178,"column":49}},"81":{"start":{"line":179,"column":4},"end":{"line":179,"column":51}},"82":{"start":{"line":184,"column":0},"end":{"line":193,"column":3}},"83":{"start":{"line":185,"column":2},"end":{"line":192,"column":3}},"84":{"start":{"line":186,"column":16},"end":{"line":186,"column":40}},"85":{"start":{"line":187,"column":23},"end":{"line":187,"column":53}},"86":{"start":{"line":188,"column":4},"end":{"line":188,"column":25}},"87":{"start":{"line":191,"column":4},"end":{"line":191,"column":17}},"88":{"start":{"line":196,"column":0},"end":{"line":269,"column":3}},"89":{"start":{"line":197,"column":2},"end":{"line":268,"column":3}},"90":{"start":{"line":198,"column":18},"end":{"line":198,"column":31}},"91":{"start":{"line":201,"column":4},"end":{"line":215,"column":5}},"92":{"start":{"line":202,"column":18},"end":{"line":202,"column":42}},"93":{"start":{"line":203,"column":16},"end":{"line":203,"column":41}},"94":{"start":{"line":206,"column":6},"end":{"line":208,"column":7}},"95":{"start":{"line":207,"column":8},"end":{"line":207,"column":55}},"96":{"start":{"line":210,"column":6},"end":{"line":212,"column":7}},"97":{"start":{"line":211,"column":8},"end":{"line":211,"column":29}},"98":{"start":{"line":219,"column":4},"end":{"line":253,"column":5}},"99":{"start":{"line":220,"column":6},"end":{"line":252,"column":7}},"100":{"start":{"line":221,"column":8},"end":{"line":221,"column":60}},"101":{"start":{"line":222,"column":8},"end":{"line":222,"column":55}},"102":{"start":{"line":224,"column":21},"end":{"line":234,"column":10}},"103":{"start":{"line":237,"column":25},"end":{"line":240,"column":10}},"104":{"start":{"line":238,"column":27},"end":{"line":238,"column":90}},"105":{"start":{"line":239,"column":10},"end":{"line":239,"column":74}},"106":{"start":{"line":242,"column":8},"end":{"line":248,"column":9}},"107":{"start":{"line":243,"column":10},"end":{"line":243,"column":50}},"108":{"start":{"line":244,"column":10},"end":{"line":244,"column":36}},"109":{"start":{"line":246,"column":10},"end":{"line":246,"column":65}},"110":{"start":{"line":247,"column":10},"end":{"line":247,"column":68}},"111":{"start":{"line":250,"column":8},"end":{"line":250,"column":66}},"112":{"start":{"line":256,"column":4},"end":{"line":256,"column":52}},"113":{"start":{"line":257,"column":4},"end":{"line":257,"column":96}},"114":{"start":{"line":258,"column":4},"end":{"line":258,"column":100}},"115":{"start":{"line":259,"column":4},"end":{"line":265,"column":7}},"116":{"start":{"line":267,"column":4},"end":{"line":267,"column":51}},"117":{"start":{"line":271,"column":0},"end":{"line":271,"column":24}}},"fnMap":{"0":{"name":"(anonymous_0)","decl":{"start":{"line":7,"column":16},"end":{"line":7,"column":17}},"loc":{"start":{"line":7,"column":36},"end":{"line":146,"column":1}},"line":7},"1":{"name":"(anonymous_1)","decl":{"start":{"line":93,"column":53},"end":{"line":93,"column":54}},"loc":{"start":{"line":93,"column":58},"end":{"line":93,"column":86}},"line":93},"2":{"name":"(anonymous_2)","decl":{"start":{"line":96,"column":35},"end":{"line":96,"column":36}},"loc":{"start":{"line":96,"column":42},"end":{"line":100,"column":5}},"line":96},"3":{"name":"(anonymous_3)","decl":{"start":{"line":103,"column":41},"end":{"line":103,"column":42}},"loc":{"start":{"line":104,"column":8},"end":{"line":104,"column":67}},"line":104},"4":{"name":"(anonymous_4)","decl":{"start":{"line":109,"column":41},"end":{"line":109,"column":42}},"loc":{"start":{"line":110,"column":8},"end":{"line":110,"column":69}},"line":110},"5":{"name":"(anonymous_5)","decl":{"start":{"line":115,"column":41},"end":{"line":115,"column":42}},"loc":{"start":{"line":115,"column":48},"end":{"line":115,"column":83}},"line":115},"6":{"name":"(anonymous_6)","decl":{"start":{"line":119,"column":41},"end":{"line":119,"column":42}},"loc":{"start":{"line":119,"column":48},"end":{"line":119,"column":83}},"line":119},"7":{"name":"(anonymous_7)","decl":{"start":{"line":124,"column":24},"end":{"line":124,"column":25}},"loc":{"start":{"line":124,"column":34},"end":{"line":128,"column":7}},"line":124},"8":{"name":"(anonymous_8)","decl":{"start":{"line":130,"column":24},"end":{"line":130,"column":25}},"loc":{"start":{"line":130,"column":34},"end":{"line":134,"column":7}},"line":130},"9":{"name":"(anonymous_9)","decl":{"start":{"line":149,"column":30},"end":{"line":149,"column":31}},"loc":{"start":{"line":149,"column":50},"end":{"line":164,"column":1}},"line":149},"10":{"name":"(anonymous_10)","decl":{"start":{"line":167,"column":27},"end":{"line":167,"column":28}},"loc":{"start":{"line":167,"column":47},"end":{"line":181,"column":1}},"line":167},"11":{"name":"(anonymous_11)","decl":{"start":{"line":184,"column":31},"end":{"line":184,"column":32}},"loc":{"start":{"line":184,"column":51},"end":{"line":193,"column":1}},"line":184},"12":{"name":"(anonymous_12)","decl":{"start":{"line":196,"column":19},"end":{"line":196,"column":20}},"loc":{"start":{"line":196,"column":39},"end":{"line":269,"column":1}},"line":196},"13":{"name":"(anonymous_13)","decl":{"start":{"line":237,"column":35},"end":{"line":237,"column":36}},"loc":{"start":{"line":237,"column":42},"end":{"line":240,"column":9}},"line":237}},"branchMap":{"0":{"loc":{"start":{"line":14,"column":6},"end":{"line":14,"column":21}},"type":"default-arg","locations":[{"start":{"line":14,"column":19},"end":{"line":14,"column":21}}],"line":14},"1":{"loc":{"start":{"line":15,"column":6},"end":{"line":15,"column":19}},"type":"default-arg","locations":[{"start":{"line":15,"column":18},"end":{"line":15,"column":19}}],"line":15},"2":{"loc":{"start":{"line":16,"column":6},"end":{"line":16,"column":22}},"type":"default-arg","locations":[{"start":{"line":16,"column":20},"end":{"line":16,"column":22}}],"line":16},"3":{"loc":{"start":{"line":17,"column":6},"end":{"line":17,"column":20}},"type":"default-arg","locations":[{"start":{"line":17,"column":19},"end":{"line":17,"column":20}}],"line":17},"4":{"loc":{"start":{"line":18,"column":6},"end":{"line":18,"column":23}},"type":"default-arg","locations":[{"start":{"line":18,"column":17},"end":{"line":18,"column":23}}],"line":18},"5":{"loc":{"start":{"line":23,"column":6},"end":{"line":23,"column":28}},"type":"default-arg","locations":[{"start":{"line":23,"column":15},"end":{"line":23,"column":28}}],"line":23},"6":{"loc":{"start":{"line":24,"column":6},"end":{"line":24,"column":19}},"type":"default-arg","locations":[{"start":{"line":24,"column":14},"end":{"line":24,"column":19}}],"line":24},"7":{"loc":{"start":{"line":28,"column":4},"end":{"line":67,"column":5}},"type":"if","locations":[{"start":{"line":28,"column":4},"end":{"line":67,"column":5}},{"start":{},"end":{}}],"line":28},"8":{"loc":{"start":{"line":28,"column":8},"end":{"line":28,"column":62}},"type":"binary-expr","locations":[{"start":{"line":28,"column":8},"end":{"line":28,"column":17}},{"start":{"line":28,"column":21},"end":{"line":28,"column":31}},{"start":{"line":28,"column":35},"end":{"line":28,"column":46}},{"start":{"line":28,"column":50},"end":{"line":28,"column":62}}],"line":28},"9":{"loc":{"start":{"line":34,"column":8},"end":{"line":36,"column":9}},"type":"if","locations":[{"start":{"line":34,"column":8},"end":{"line":36,"column":9}},{"start":{},"end":{}}],"line":34},"10":{"loc":{"start":{"line":38,"column":8},"end":{"line":40,"column":9}},"type":"if","locations":[{"start":{"line":38,"column":8},"end":{"line":40,"column":9}},{"start":{},"end":{}}],"line":38},"11":{"loc":{"start":{"line":42,"column":8},"end":{"line":46,"column":9}},"type":"if","locations":[{"start":{"line":42,"column":8},"end":{"line":46,"column":9}},{"start":{},"end":{}}],"line":42},"12":{"loc":{"start":{"line":42,"column":12},"end":{"line":42,"column":32}},"type":"binary-expr","locations":[{"start":{"line":42,"column":12},"end":{"line":42,"column":20}},{"start":{"line":42,"column":24},"end":{"line":42,"column":32}}],"line":42},"13":{"loc":{"start":{"line":44,"column":10},"end":{"line":44,"column":66}},"type":"if","locations":[{"start":{"line":44,"column":10},"end":{"line":44,"column":66}},{"start":{},"end":{}}],"line":44},"14":{"loc":{"start":{"line":45,"column":10},"end":{"line":45,"column":66}},"type":"if","locations":[{"start":{"line":45,"column":10},"end":{"line":45,"column":66}},{"start":{},"end":{}}],"line":45},"15":{"loc":{"start":{"line":49,"column":8},"end":{"line":55,"column":9}},"type":"if","locations":[{"start":{"line":49,"column":8},"end":{"line":55,"column":9}},{"start":{"line":51,"column":15},"end":{"line":55,"column":9}}],"line":49},"16":{"loc":{"start":{"line":50,"column":36},"end":{"line":50,"column":61}},"type":"cond-expr","locations":[{"start":{"line":50,"column":55},"end":{"line":50,"column":57}},{"start":{"line":50,"column":60},"end":{"line":50,"column":61}}],"line":50},"17":{"loc":{"start":{"line":51,"column":15},"end":{"line":55,"column":9}},"type":"if","locations":[{"start":{"line":51,"column":15},"end":{"line":55,"column":9}},{"start":{"line":53,"column":15},"end":{"line":55,"column":9}}],"line":51},"18":{"loc":{"start":{"line":52,"column":31},"end":{"line":52,"column":56}},"type":"cond-expr","locations":[{"start":{"line":52,"column":50},"end":{"line":52,"column":52}},{"start":{"line":52,"column":55},"end":{"line":52,"column":56}}],"line":52},"19":{"loc":{"start":{"line":58,"column":8},"end":{"line":60,"column":9}},"type":"if","locations":[{"start":{"line":58,"column":8},"end":{"line":60,"column":9}},{"start":{},"end":{}}],"line":58},"20":{"loc":{"start":{"line":58,"column":12},"end":{"line":58,"column":35}},"type":"binary-expr","locations":[{"start":{"line":58,"column":12},"end":{"line":58,"column":16}},{"start":{"line":58,"column":20},"end":{"line":58,"column":35}}],"line":58},"21":{"loc":{"start":{"line":86,"column":15},"end":{"line":86,"column":77}},"type":"binary-expr","locations":[{"start":{"line":86,"column":15},"end":{"line":86,"column":31}},{"start":{"line":86,"column":35},"end":{"line":86,"column":77}}],"line":86},"22":{"loc":{"start":{"line":102,"column":4},"end":{"line":106,"column":5}},"type":"if","locations":[{"start":{"line":102,"column":4},"end":{"line":106,"column":5}},{"start":{},"end":{}}],"line":102},"23":{"loc":{"start":{"line":108,"column":4},"end":{"line":112,"column":5}},"type":"if","locations":[{"start":{"line":108,"column":4},"end":{"line":112,"column":5}},{"start":{},"end":{}}],"line":108},"24":{"loc":{"start":{"line":114,"column":4},"end":{"line":116,"column":5}},"type":"if","locations":[{"start":{"line":114,"column":4},"end":{"line":116,"column":5}},{"start":{},"end":{}}],"line":114},"25":{"loc":{"start":{"line":118,"column":4},"end":{"line":120,"column":5}},"type":"if","locations":[{"start":{"line":118,"column":4},"end":{"line":120,"column":5}},{"start":{},"end":{}}],"line":118},"26":{"loc":{"start":{"line":123,"column":4},"end":{"line":135,"column":5}},"type":"if","locations":[{"start":{"line":123,"column":4},"end":{"line":135,"column":5}},{"start":{"line":129,"column":11},"end":{"line":135,"column":5}}],"line":123},"27":{"loc":{"start":{"line":125,"column":15},"end":{"line":127,"column":41}},"type":"cond-expr","locations":[{"start":{"line":126,"column":12},"end":{"line":126,"column":41}},{"start":{"line":127,"column":12},"end":{"line":127,"column":41}}],"line":125},"28":{"loc":{"start":{"line":129,"column":11},"end":{"line":135,"column":5}},"type":"if","locations":[{"start":{"line":129,"column":11},"end":{"line":135,"column":5}},{"start":{},"end":{}}],"line":129},"29":{"loc":{"start":{"line":131,"column":15},"end":{"line":133,"column":31}},"type":"cond-expr","locations":[{"start":{"line":132,"column":12},"end":{"line":132,"column":31}},{"start":{"line":133,"column":12},"end":{"line":133,"column":31}}],"line":131},"30":{"loc":{"start":{"line":142,"column":13},"end":{"line":142,"column":70}},"type":"binary-expr","locations":[{"start":{"line":142,"column":13},"end":{"line":142,"column":26}},{"start":{"line":142,"column":30},"end":{"line":142,"column":70}}],"line":142},"31":{"loc":{"start":{"line":206,"column":6},"end":{"line":208,"column":7}},"type":"if","locations":[{"start":{"line":206,"column":6},"end":{"line":208,"column":7}},{"start":{},"end":{}}],"line":206},"32":{"loc":{"start":{"line":210,"column":6},"end":{"line":212,"column":7}},"type":"if","locations":[{"start":{"line":210,"column":6},"end":{"line":212,"column":7}},{"start":{},"end":{}}],"line":210},"33":{"loc":{"start":{"line":219,"column":4},"end":{"line":253,"column":5}},"type":"if","locations":[{"start":{"line":219,"column":4},"end":{"line":253,"column":5}},{"start":{},"end":{}}],"line":219},"34":{"loc":{"start":{"line":219,"column":8},"end":{"line":219,"column":126}},"type":"binary-expr","locations":[{"start":{"line":219,"column":8},"end":{"line":219,"column":32}},{"start":{"line":219,"column":36},"end":{"line":219,"column":54}},{"start":{"line":219,"column":58},"end":{"line":219,"column":77}},{"start":{"line":219,"column":81},"end":{"line":219,"column":101}},{"start":{"line":219,"column":105},"end":{"line":219,"column":126}}],"line":219},"35":{"loc":{"start":{"line":229,"column":22},"end":{"line":229,"column":58}},"type":"binary-expr","locations":[{"start":{"line":229,"column":22},"end":{"line":229,"column":52}},{"start":{"line":229,"column":56},"end":{"line":229,"column":58}}],"line":229},"36":{"loc":{"start":{"line":230,"column":21},"end":{"line":230,"column":55}},"type":"binary-expr","locations":[{"start":{"line":230,"column":21},"end":{"line":230,"column":50}},{"start":{"line":230,"column":54},"end":{"line":230,"column":55}}],"line":230},"37":{"loc":{"start":{"line":231,"column":23},"end":{"line":231,"column":60}},"type":"binary-expr","locations":[{"start":{"line":231,"column":23},"end":{"line":231,"column":54}},{"start":{"line":231,"column":58},"end":{"line":231,"column":60}}],"line":231},"38":{"loc":{"start":{"line":232,"column":22},"end":{"line":232,"column":57}},"type":"binary-expr","locations":[{"start":{"line":232,"column":22},"end":{"line":232,"column":52}},{"start":{"line":232,"column":56},"end":{"line":232,"column":57}}],"line":232},"39":{"loc":{"start":{"line":233,"column":20},"end":{"line":233,"column":48}},"type":"binary-expr","locations":[{"start":{"line":233,"column":20},"end":{"line":233,"column":38}},{"start":{"line":233,"column":42},"end":{"line":233,"column":48}}],"line":233},"40":{"loc":{"start":{"line":238,"column":27},"end":{"line":238,"column":90}},"type":"binary-expr","locations":[{"start":{"line":238,"column":27},"end":{"line":238,"column":36}},{"start":{"line":238,"column":40},"end":{"line":238,"column":50}},{"start":{"line":238,"column":54},"end":{"line":238,"column":64}},{"start":{"line":238,"column":68},"end":{"line":238,"column":77}},{"start":{"line":238,"column":81},"end":{"line":238,"column":90}}],"line":238},"41":{"loc":{"start":{"line":239,"column":17},"end":{"line":239,"column":73}},"type":"binary-expr","locations":[{"start":{"line":239,"column":17},"end":{"line":239,"column":35}},{"start":{"line":239,"column":39},"end":{"line":239,"column":73}}],"line":239},"42":{"loc":{"start":{"line":242,"column":8},"end":{"line":248,"column":9}},"type":"if","locations":[{"start":{"line":242,"column":8},"end":{"line":248,"column":9}},{"start":{"line":245,"column":15},"end":{"line":248,"column":9}}],"line":242},"43":{"loc":{"start":{"line":262,"column":12},"end":{"line":264,"column":82}},"type":"cond-expr","locations":[{"start":{"line":263,"column":10},"end":{"line":263,"column":117}},{"start":{"line":264,"column":10},"end":{"line":264,"column":82}}],"line":262}},"s":{"0":2,"1":2,"2":2,"3":2,"4":2,"5":0,"6":0,"7":0,"8":0,"9":0,"10":0,"11":0,"12":0,"13":0,"14":0,"15":0,"16":0,"17":0,"18":0,"19":0,"20":0,"21":0,"22":0,"23":0,"24":0,"25":0,"26":0,"27":0,"28":0,"29":0,"30":0,"31":0,"32":0,"33":0,"34":0,"35":0,"36":0,"37":0,"38":0,"39":0,"40":0,"41":0,"42":0,"43":0,"44":0,"45":0,"46":0,"47":0,"48":0,"49":0,"50":0,"51":0,"52":0,"53":0,"54":0,"55":0,"56":0,"57":0,"58":0,"59":0,"60":0,"61":0,"62":0,"63":0,"64":2,"65":1,"66":1,"67":1,"68":1,"69":1,"70":1,"71":0,"72":0,"73":2,"74":1,"75":1,"76":1,"77":1,"78":1,"79":1,"80":0,"81":0,"82":2,"83":0,"84":0,"85":0,"86":0,"87":0,"88":2,"89":0,"90":0,"91":0,"92":0,"93":0,"94":0,"95":0,"96":0,"97":0,"98":0,"99":0,"100":0,"101":0,"102":0,"103":0,"104":0,"105":0,"106":0,"107":0,"108":0,"109":0,"110":0,"111":0,"112":0,"113":0,"114":0,"115":0,"116":0,"117":2},"f":{"0":0,"1":0,"2":0,"3":0,"4":0,"5":0,"6":0,"7":0,"8":0,"9":1,"10":1,"11":0,"12":0,"13":0},"b":{"0":[0],"1":[0],"2":[0],"3":[0],"4":[0],"5":[0],"6":[0],"7":[0,0],"8":[0,0,0,0],"9":[0,0],"10":[0,0],"11":[0,0],"12":[0,0],"13":[0,0],"14":[0,0],"15":[0,0],"16":[0,0],"17":[0,0],"18":[0,0],"19":[0,0],"20":[0,0],"21":[0,0],"22":[0,0],"23":[0,0],"24":[0,0],"25":[0,0],"26":[0,0],"27":[0,0],"28":[0,0],"29":[0,0],"30":[0,0],"31":[0,0],"32":[0,0],"33":[0,0],"34":[0,0,0,0,0],"35":[0,0],"36":[0,0],"37":[0,0],"38":[0,0],"39":[0,0],"40":[0,0,0,0,0],"41":[0,0],"42":[0,0],"43":[0,0]},"_coverageSchema":"1a1c01bbd47fc00a2c39e90264f33305004495a9","hash":"35427f2345691a42686677a050b2470a9ab0515b"}
,"/Users/emre/Desktop/yeni projeler/xdrive/backend/routes/images.js": {"path":"/Users/emre/Desktop/yeni projeler/xdrive/backend/routes/images.js","statementMap":{"0":{"start":{"line":1,"column":16},"end":{"line":1,"column":34}},"1":{"start":{"line":2,"column":14},"end":{"line":2,"column":30}},"2":{"start":{"line":3,"column":15},"end":{"line":3,"column":31}},"3":{"start":{"line":6,"column":0},"end":{"line":84,"column":3}},"4":{"start":{"line":7,"column":2},"end":{"line":83,"column":3}},"5":{"start":{"line":8,"column":20},"end":{"line":8,"column":29}},"6":{"start":{"line":10,"column":4},"end":{"line":12,"column":5}},"7":{"start":{"line":11,"column":6},"end":{"line":11,"column":74}},"8":{"start":{"line":15,"column":21},"end":{"line":15,"column":44}},"9":{"start":{"line":16,"column":4},"end":{"line":16,"column":54}},"10":{"start":{"line":19,"column":27},"end":{"line":19,"column":88}},"11":{"start":{"line":20,"column":28},"end":{"line":20,"column":84}},"12":{"start":{"line":20,"column":58},"end":{"line":20,"column":83}},"13":{"start":{"line":21,"column":4},"end":{"line":24,"column":5}},"14":{"start":{"line":22,"column":6},"end":{"line":22,"column":64}},"15":{"start":{"line":23,"column":6},"end":{"line":23,"column":69}},"16":{"start":{"line":27,"column":20},"end":{"line":27,"column":59}},"17":{"start":{"line":28,"column":4},"end":{"line":28,"column":60}},"18":{"start":{"line":30,"column":4},"end":{"line":79,"column":5}},"19":{"start":{"line":32,"column":23},"end":{"line":45,"column":8}},"20":{"start":{"line":43,"column":10},"end":{"line":43,"column":47}},"21":{"start":{"line":47,"column":6},"end":{"line":47,"column":101}},"22":{"start":{"line":50,"column":26},"end":{"line":50,"column":74}},"23":{"start":{"line":51,"column":6},"end":{"line":51,"column":63}},"24":{"start":{"line":54,"column":6},"end":{"line":54,"column":56}},"25":{"start":{"line":55,"column":6},"end":{"line":55,"column":59}},"26":{"start":{"line":56,"column":6},"end":{"line":56,"column":76}},"27":{"start":{"line":57,"column":6},"end":{"line":57,"column":49}},"28":{"start":{"line":58,"column":6},"end":{"line":58,"column":60}},"29":{"start":{"line":61,"column":6},"end":{"line":61,"column":30}},"30":{"start":{"line":63,"column":6},"end":{"line":63,"column":59}},"31":{"start":{"line":64,"column":6},"end":{"line":69,"column":9}},"32":{"start":{"line":72,"column":6},"end":{"line":78,"column":7}},"33":{"start":{"line":73,"column":8},"end":{"line":73,"column":89}},"34":{"start":{"line":74,"column":13},"end":{"line":78,"column":7}},"35":{"start":{"line":75,"column":8},"end":{"line":75,"column":80}},"36":{"start":{"line":77,"column":8},"end":{"line":77,"column":110}},"37":{"start":{"line":81,"column":4},"end":{"line":81,"column":65}},"38":{"start":{"line":82,"column":4},"end":{"line":82,"column":85}},"39":{"start":{"line":86,"column":0},"end":{"line":86,"column":24}}},"fnMap":{"0":{"name":"(anonymous_0)","decl":{"start":{"line":6,"column":21},"end":{"line":6,"column":22}},"loc":{"start":{"line":6,"column":41},"end":{"line":84,"column":1}},"line":6},"1":{"name":"(anonymous_1)","decl":{"start":{"line":20,"column":48},"end":{"line":20,"column":49}},"loc":{"start":{"line":20,"column":58},"end":{"line":20,"column":83}},"line":20},"2":{"name":"(anonymous_2)","decl":{"start":{"line":42,"column":24},"end":{"line":42,"column":25}},"loc":{"start":{"line":42,"column":42},"end":{"line":44,"column":9}},"line":42}},"branchMap":{"0":{"loc":{"start":{"line":10,"column":4},"end":{"line":12,"column":5}},"type":"if","locations":[{"start":{"line":10,"column":4},"end":{"line":12,"column":5}},{"start":{},"end":{}}],"line":10},"1":{"loc":{"start":{"line":21,"column":4},"end":{"line":24,"column":5}},"type":"if","locations":[{"start":{"line":21,"column":4},"end":{"line":24,"column":5}},{"start":{},"end":{}}],"line":21},"2":{"loc":{"start":{"line":43,"column":17},"end":{"line":43,"column":46}},"type":"binary-expr","locations":[{"start":{"line":43,"column":17},"end":{"line":43,"column":30}},{"start":{"line":43,"column":34},"end":{"line":43,"column":46}}],"line":43},"3":{"loc":{"start":{"line":50,"column":26},"end":{"line":50,"column":74}},"type":"binary-expr","locations":[{"start":{"line":50,"column":26},"end":{"line":50,"column":58}},{"start":{"line":50,"column":62},"end":{"line":50,"column":74}}],"line":50},"4":{"loc":{"start":{"line":72,"column":6},"end":{"line":78,"column":7}},"type":"if","locations":[{"start":{"line":72,"column":6},"end":{"line":78,"column":7}},{"start":{"line":74,"column":13},"end":{"line":78,"column":7}}],"line":72},"5":{"loc":{"start":{"line":72,"column":10},"end":{"line":72,"column":69}},"type":"binary-expr","locations":[{"start":{"line":72,"column":10},"end":{"line":72,"column":39}},{"start":{"line":72,"column":43},"end":{"line":72,"column":69}}],"line":72},"6":{"loc":{"start":{"line":74,"column":13},"end":{"line":78,"column":7}},"type":"if","locations":[{"start":{"line":74,"column":13},"end":{"line":78,"column":7}},{"start":{"line":76,"column":13},"end":{"line":78,"column":7}}],"line":74}},"s":{"0":0,"1":0,"2":0,"3":0,"4":0,"5":0,"6":0,"7":0,"8":0,"9":0,"10":0,"11":0,"12":0,"13":0,"14":0,"15":0,"16":0,"17":0,"18":0,"19":0,"20":0,"21":0,"22":0,"23":0,"24":0,"25":0,"26":0,"27":0,"28":0,"29":0,"30":0,"31":0,"32":0,"33":0,"34":0,"35":0,"36":0,"37":0,"38":0,"39":0},"f":{"0":0,"1":0,"2":0},"b":{"0":[0,0],"1":[0,0],"2":[0,0],"3":[0,0],"4":[0,0],"5":[0,0],"6":[0,0]}}
,"/Users/emre/Desktop/yeni projeler/xdrive/backend/routes/payments.js": {"path":"/Users/emre/Desktop/yeni projeler/xdrive/backend/routes/payments.js","statementMap":{"0":{"start":{"line":1,"column":16},"end":{"line":1,"column":34}},"1":{"start":{"line":2,"column":15},"end":{"line":2,"column":31}},"2":{"start":{"line":3,"column":23},"end":{"line":3,"column":60}},"3":{"start":{"line":6,"column":0},"end":{"line":21,"column":3}},"4":{"start":{"line":7,"column":4},"end":{"line":20,"column":5}},"5":{"start":{"line":8,"column":59},"end":{"line":8,"column":67}},"6":{"start":{"line":10,"column":8},"end":{"line":12,"column":9}},"7":{"start":{"line":11,"column":12},"end":{"line":11,"column":73}},"8":{"start":{"line":14,"column":23},"end":{"line":14,"column":103}},"9":{"start":{"line":16,"column":8},"end":{"line":16,"column":25}},"10":{"start":{"line":18,"column":8},"end":{"line":18,"column":64}},"11":{"start":{"line":19,"column":8},"end":{"line":19,"column":99}},"12":{"start":{"line":24,"column":21},"end":{"line":24,"column":56}},"13":{"start":{"line":27,"column":0},"end":{"line":66,"column":3}},"14":{"start":{"line":28,"column":4},"end":{"line":65,"column":5}},"15":{"start":{"line":35,"column":12},"end":{"line":35,"column":20}},"16":{"start":{"line":38,"column":22},"end":{"line":38,"column":95}},"17":{"start":{"line":39,"column":8},"end":{"line":39,"column":74}},"18":{"start":{"line":39,"column":35},"end":{"line":39,"column":74}},"19":{"start":{"line":41,"column":8},"end":{"line":41,"column":53}},"20":{"start":{"line":41,"column":31},"end":{"line":41,"column":53}},"21":{"start":{"line":44,"column":28},"end":{"line":44,"column":83}},"22":{"start":{"line":47,"column":31},"end":{"line":47,"column":55}},"23":{"start":{"line":49,"column":28},"end":{"line":59,"column":10}},"24":{"start":{"line":61,"column":8},"end":{"line":61,"column":30}},"25":{"start":{"line":63,"column":8},"end":{"line":63,"column":51}},"26":{"start":{"line":64,"column":8},"end":{"line":64,"column":55}},"27":{"start":{"line":69,"column":0},"end":{"line":102,"column":3}},"28":{"start":{"line":70,"column":4},"end":{"line":101,"column":5}},"29":{"start":{"line":72,"column":24},"end":{"line":72,"column":61}},"30":{"start":{"line":74,"column":8},"end":{"line":77,"column":9}},"31":{"start":{"line":75,"column":12},"end":{"line":75,"column":60}},"32":{"start":{"line":76,"column":12},"end":{"line":76,"column":48}},"33":{"start":{"line":79,"column":55},"end":{"line":79,"column":63}},"34":{"start":{"line":81,"column":8},"end":{"line":81,"column":77}},"35":{"start":{"line":83,"column":8},"end":{"line":94,"column":9}},"36":{"start":{"line":93,"column":12},"end":{"line":93,"column":72}},"37":{"start":{"line":97,"column":8},"end":{"line":97,"column":23}},"38":{"start":{"line":99,"column":8},"end":{"line":99,"column":54}},"39":{"start":{"line":100,"column":8},"end":{"line":100,"column":37}},"40":{"start":{"line":104,"column":0},"end":{"line":104,"column":24}}},"fnMap":{"0":{"name":"(anonymous_0)","decl":{"start":{"line":6,"column":30},"end":{"line":6,"column":31}},"loc":{"start":{"line":6,"column":50},"end":{"line":21,"column":1}},"line":6},"1":{"name":"(anonymous_1)","decl":{"start":{"line":27,"column":28},"end":{"line":27,"column":29}},"loc":{"start":{"line":27,"column":48},"end":{"line":66,"column":1}},"line":27},"2":{"name":"(anonymous_2)","decl":{"start":{"line":69,"column":31},"end":{"line":69,"column":32}},"loc":{"start":{"line":69,"column":51},"end":{"line":102,"column":1}},"line":69}},"branchMap":{"0":{"loc":{"start":{"line":10,"column":8},"end":{"line":12,"column":9}},"type":"if","locations":[{"start":{"line":10,"column":8},"end":{"line":12,"column":9}},{"start":{},"end":{}}],"line":10},"1":{"loc":{"start":{"line":38,"column":22},"end":{"line":38,"column":95}},"type":"binary-expr","locations":[{"start":{"line":38,"column":22},"end":{"line":38,"column":52}},{"start":{"line":38,"column":56},"end":{"line":38,"column":80}},{"start":{"line":38,"column":84},"end":{"line":38,"column":95}}],"line":38},"2":{"loc":{"start":{"line":39,"column":8},"end":{"line":39,"column":74}},"type":"if","locations":[{"start":{"line":39,"column":8},"end":{"line":39,"column":74}},{"start":{},"end":{}}],"line":39},"3":{"loc":{"start":{"line":41,"column":8},"end":{"line":41,"column":53}},"type":"if","locations":[{"start":{"line":41,"column":8},"end":{"line":41,"column":53}},{"start":{},"end":{}}],"line":41},"4":{"loc":{"start":{"line":44,"column":28},"end":{"line":44,"column":83}},"type":"binary-expr","locations":[{"start":{"line":44,"column":28},"end":{"line":44,"column":33}},{"start":{"line":44,"column":37},"end":{"line":44,"column":83}}],"line":44},"5":{"loc":{"start":{"line":51,"column":26},"end":{"line":51,"column":69}},"type":"binary-expr","locations":[{"start":{"line":51,"column":26},"end":{"line":51,"column":46}},{"start":{"line":51,"column":50},"end":{"line":51,"column":69}}],"line":51},"6":{"loc":{"start":{"line":57,"column":26},"end":{"line":57,"column":60}},"type":"binary-expr","locations":[{"start":{"line":57,"column":26},"end":{"line":57,"column":38}},{"start":{"line":57,"column":42},"end":{"line":57,"column":60}}],"line":57},"7":{"loc":{"start":{"line":74,"column":8},"end":{"line":77,"column":9}},"type":"if","locations":[{"start":{"line":74,"column":8},"end":{"line":77,"column":9}},{"start":{},"end":{}}],"line":74},"8":{"loc":{"start":{"line":83,"column":8},"end":{"line":94,"column":9}},"type":"if","locations":[{"start":{"line":83,"column":8},"end":{"line":94,"column":9}},{"start":{"line":91,"column":15},"end":{"line":94,"column":9}}],"line":83}},"s":{"0":0,"1":0,"2":0,"3":0,"4":0,"5":0,"6":0,"7":0,"8":0,"9":0,"10":0,"11":0,"12":0,"13":0,"14":0,"15":0,"16":0,"17":0,"18":0,"19":0,"20":0,"21":0,"22":0,"23":0,"24":0,"25":0,"26":0,"27":0,"28":0,"29":0,"30":0,"31":0,"32":0,"33":0,"34":0,"35":0,"36":0,"37":0,"38":0,"39":0,"40":0},"f":{"0":0,"1":0,"2":0},"b":{"0":[0,0],"1":[0,0,0],"2":[0,0],"3":[0,0],"4":[0,0],"5":[0,0],"6":[0,0],"7":[0,0],"8":[0,0]}}
,"/Users/emre/Desktop/yeni projeler/xdrive/backend/routes/reservations.js": {"path":"/Users/emre/Desktop/yeni projeler/xdrive/backend/routes/reservations.js","statementMap":{"0":{"start":{"line":1,"column":16},"end":{"line":1,"column":34}},"1":{"start":{"line":2,"column":15},"end":{"line":2,"column":31}},"2":{"start":{"line":3,"column":47},"end":{"line":3,"column":88}},"3":{"start":{"line":4,"column":46},"end":{"line":4,"column":85}},"4":{"start":{"line":7,"column":0},"end":{"line":414,"column":3}},"5":{"start":{"line":8,"column":2},"end":{"line":413,"column":3}},"6":{"start":{"line":28,"column":8},"end":{"line":28,"column":16}},"7":{"start":{"line":32,"column":17},"end":{"line":32,"column":19}},"8":{"start":{"line":33,"column":4},"end":{"line":60,"column":5}},"9":{"start":{"line":35,"column":23},"end":{"line":35,"column":45}},"10":{"start":{"line":36,"column":6},"end":{"line":45,"column":8}},"11":{"start":{"line":46,"column":6},"end":{"line":46,"column":67}},"12":{"start":{"line":49,"column":6},"end":{"line":58,"column":8}},"13":{"start":{"line":59,"column":6},"end":{"line":59,"column":53}},"14":{"start":{"line":63,"column":14},"end":{"line":63,"column":18}},"15":{"start":{"line":64,"column":4},"end":{"line":70,"column":5}},"16":{"start":{"line":65,"column":18},"end":{"line":65,"column":42}},"17":{"start":{"line":66,"column":6},"end":{"line":66,"column":38}},"18":{"start":{"line":69,"column":6},"end":{"line":69,"column":60}},"19":{"start":{"line":73,"column":4},"end":{"line":75,"column":5}},"20":{"start":{"line":74,"column":6},"end":{"line":74,"column":29}},"21":{"start":{"line":78,"column":19},"end":{"line":78,"column":39}},"22":{"start":{"line":79,"column":20},"end":{"line":79,"column":41}},"23":{"start":{"line":81,"column":4},"end":{"line":83,"column":5}},"24":{"start":{"line":82,"column":6},"end":{"line":82,"column":98}},"25":{"start":{"line":86,"column":17},"end":{"line":86,"column":86}},"26":{"start":{"line":89,"column":30},"end":{"line":89,"column":39}},"27":{"start":{"line":90,"column":4},"end":{"line":113,"column":5}},"28":{"start":{"line":92,"column":34},"end":{"line":96,"column":7}},"29":{"start":{"line":98,"column":6},"end":{"line":106,"column":7}},"30":{"start":{"line":99,"column":8},"end":{"line":105,"column":9}},"31":{"start":{"line":100,"column":27},"end":{"line":100,"column":80}},"32":{"start":{"line":101,"column":10},"end":{"line":104,"column":11}},"33":{"start":{"line":102,"column":12},"end":{"line":102,"column":43}},"34":{"start":{"line":103,"column":12},"end":{"line":103,"column":18}},"35":{"start":{"line":109,"column":6},"end":{"line":112,"column":7}},"36":{"start":{"line":110,"column":27},"end":{"line":110,"column":90}},"37":{"start":{"line":111,"column":8},"end":{"line":111,"column":48}},"38":{"start":{"line":116,"column":29},"end":{"line":116,"column":56}},"39":{"start":{"line":119,"column":33},"end":{"line":119,"column":75}},"40":{"start":{"line":122,"column":23},"end":{"line":122,"column":108}},"41":{"start":{"line":126,"column":36},"end":{"line":126,"column":73}},"42":{"start":{"line":129,"column":30},"end":{"line":129,"column":34}},"43":{"start":{"line":130,"column":24},"end":{"line":130,"column":28}},"44":{"start":{"line":131,"column":21},"end":{"line":131,"column":25}},"45":{"start":{"line":135,"column":16},"end":{"line":135,"column":28}},"46":{"start":{"line":136,"column":21},"end":{"line":136,"column":38}},"47":{"start":{"line":137,"column":18},"end":{"line":137,"column":32}},"48":{"start":{"line":140,"column":20},"end":{"line":140,"column":42}},"49":{"start":{"line":141,"column":4},"end":{"line":144,"column":5}},"50":{"start":{"line":142,"column":6},"end":{"line":142,"column":81}},"51":{"start":{"line":143,"column":6},"end":{"line":143,"column":70}},"52":{"start":{"line":143,"column":17},"end":{"line":143,"column":70}},"53":{"start":{"line":145,"column":4},"end":{"line":148,"column":5}},"54":{"start":{"line":146,"column":6},"end":{"line":146,"column":108}},"55":{"start":{"line":147,"column":6},"end":{"line":147,"column":85}},"56":{"start":{"line":147,"column":22},"end":{"line":147,"column":85}},"57":{"start":{"line":149,"column":4},"end":{"line":152,"column":5}},"58":{"start":{"line":150,"column":6},"end":{"line":150,"column":91}},"59":{"start":{"line":151,"column":6},"end":{"line":151,"column":76}},"60":{"start":{"line":151,"column":19},"end":{"line":151,"column":76}},"61":{"start":{"line":154,"column":26},"end":{"line":154,"column":28}},"62":{"start":{"line":155,"column":4},"end":{"line":155,"column":50}},"63":{"start":{"line":155,"column":19},"end":{"line":155,"column":50}},"64":{"start":{"line":156,"column":4},"end":{"line":156,"column":52}},"65":{"start":{"line":156,"column":20},"end":{"line":156,"column":52}},"66":{"start":{"line":157,"column":4},"end":{"line":157,"column":44}},"67":{"start":{"line":157,"column":16},"end":{"line":157,"column":44}},"68":{"start":{"line":158,"column":4},"end":{"line":158,"column":54}},"69":{"start":{"line":158,"column":21},"end":{"line":158,"column":54}},"70":{"start":{"line":159,"column":4},"end":{"line":159,"column":48}},"71":{"start":{"line":159,"column":18},"end":{"line":159,"column":48}},"72":{"start":{"line":161,"column":4},"end":{"line":180,"column":5}},"73":{"start":{"line":162,"column":6},"end":{"line":162,"column":77}},"74":{"start":{"line":163,"column":6},"end":{"line":163,"column":78}},"75":{"start":{"line":164,"column":6},"end":{"line":164,"column":53}},"76":{"start":{"line":166,"column":6},"end":{"line":179,"column":9}},"77":{"start":{"line":182,"column":4},"end":{"line":324,"column":7}},"78":{"start":{"line":184,"column":23},"end":{"line":184,"column":40}},"79":{"start":{"line":185,"column":22},"end":{"line":185,"column":41}},"80":{"start":{"line":186,"column":24},"end":{"line":186,"column":42}},"81":{"start":{"line":187,"column":23},"end":{"line":187,"column":43}},"82":{"start":{"line":190,"column":6},"end":{"line":194,"column":7}},"83":{"start":{"line":191,"column":8},"end":{"line":191,"column":99}},"84":{"start":{"line":192,"column":8},"end":{"line":192,"column":24}},"85":{"start":{"line":193,"column":8},"end":{"line":193,"column":22}},"86":{"start":{"line":195,"column":6},"end":{"line":199,"column":7}},"87":{"start":{"line":196,"column":8},"end":{"line":196,"column":102}},"88":{"start":{"line":197,"column":8},"end":{"line":197,"column":25}},"89":{"start":{"line":198,"column":8},"end":{"line":198,"column":23}},"90":{"start":{"line":202,"column":6},"end":{"line":210,"column":9}},"91":{"start":{"line":212,"column":6},"end":{"line":247,"column":11}},"92":{"start":{"line":249,"column":8},"end":{"line":253,"column":11}},"93":{"start":{"line":256,"column":40},"end":{"line":256,"column":44}},"94":{"start":{"line":257,"column":37},"end":{"line":257,"column":41}},"95":{"start":{"line":259,"column":8},"end":{"line":282,"column":9}},"96":{"start":{"line":260,"column":28},"end":{"line":260,"column":50}},"97":{"start":{"line":261,"column":10},"end":{"line":261,"column":94}},"98":{"start":{"line":262,"column":10},"end":{"line":262,"column":64}},"99":{"start":{"line":265,"column":29},"end":{"line":265,"column":101}},"100":{"start":{"line":266,"column":10},"end":{"line":270,"column":11}},"101":{"start":{"line":267,"column":12},"end":{"line":267,"column":88}},"102":{"start":{"line":268,"column":12},"end":{"line":268,"column":65}},"103":{"start":{"line":269,"column":12},"end":{"line":269,"column":134}},"104":{"start":{"line":272,"column":10},"end":{"line":278,"column":13}},"105":{"start":{"line":279,"column":15},"end":{"line":282,"column":9}},"106":{"start":{"line":280,"column":10},"end":{"line":280,"column":124}},"107":{"start":{"line":281,"column":10},"end":{"line":281,"column":84}},"108":{"start":{"line":284,"column":8},"end":{"line":310,"column":9}},"109":{"start":{"line":285,"column":10},"end":{"line":285,"column":52}},"110":{"start":{"line":286,"column":10},"end":{"line":286,"column":46}},"111":{"start":{"line":289,"column":10},"end":{"line":293,"column":11}},"112":{"start":{"line":290,"column":12},"end":{"line":290,"column":71}},"113":{"start":{"line":291,"column":12},"end":{"line":291,"column":91}},"114":{"start":{"line":292,"column":12},"end":{"line":292,"column":82}},"115":{"start":{"line":296,"column":10},"end":{"line":309,"column":11}},"116":{"start":{"line":299,"column":12},"end":{"line":299,"column":60}},"117":{"start":{"line":300,"column":12},"end":{"line":300,"column":80}},"118":{"start":{"line":301,"column":12},"end":{"line":301,"column":104}},"119":{"start":{"line":302,"column":12},"end":{"line":302,"column":39}},"120":{"start":{"line":303,"column":12},"end":{"line":303,"column":33}},"121":{"start":{"line":305,"column":12},"end":{"line":305,"column":104}},"122":{"start":{"line":306,"column":12},"end":{"line":306,"column":104}},"123":{"start":{"line":307,"column":12},"end":{"line":307,"column":39}},"124":{"start":{"line":308,"column":12},"end":{"line":308,"column":33}},"125":{"start":{"line":312,"column":8},"end":{"line":312,"column":79}},"126":{"start":{"line":313,"column":8},"end":{"line":315,"column":9}},"127":{"start":{"line":314,"column":10},"end":{"line":314,"column":72}},"128":{"start":{"line":316,"column":8},"end":{"line":316,"column":58}},"129":{"start":{"line":321,"column":8},"end":{"line":321,"column":35}},"130":{"start":{"line":322,"column":8},"end":{"line":322,"column":29}},"131":{"start":{"line":323,"column":8},"end":{"line":323,"column":130}},"132":{"start":{"line":327,"column":27},"end":{"line":327,"column":31}},"133":{"start":{"line":328,"column":4},"end":{"line":355,"column":5}},"134":{"start":{"line":329,"column":26},"end":{"line":329,"column":58}},"135":{"start":{"line":330,"column":6},"end":{"line":347,"column":9}},"136":{"start":{"line":349,"column":6},"end":{"line":349,"column":36}},"137":{"start":{"line":350,"column":6},"end":{"line":352,"column":7}},"138":{"start":{"line":351,"column":8},"end":{"line":351,"column":47}},"139":{"start":{"line":354,"column":6},"end":{"line":354,"column":81}},"140":{"start":{"line":358,"column":30},"end":{"line":359,"column":82}},"141":{"start":{"line":362,"column":32},"end":{"line":385,"column":5}},"142":{"start":{"line":388,"column":4},"end":{"line":391,"column":5}},"143":{"start":{"line":389,"column":6},"end":{"line":389,"column":65}},"144":{"start":{"line":390,"column":6},"end":{"line":390,"column":83}},"145":{"start":{"line":393,"column":4},"end":{"line":393,"column":46}},"146":{"start":{"line":395,"column":4},"end":{"line":395,"column":60}},"147":{"start":{"line":396,"column":4},"end":{"line":396,"column":49}},"148":{"start":{"line":397,"column":4},"end":{"line":397,"column":47}},"149":{"start":{"line":398,"column":4},"end":{"line":398,"column":53}},"150":{"start":{"line":401,"column":23},"end":{"line":401,"column":84}},"151":{"start":{"line":402,"column":21},"end":{"line":402,"column":24}},"152":{"start":{"line":405,"column":4},"end":{"line":407,"column":5}},"153":{"start":{"line":406,"column":6},"end":{"line":406,"column":23}},"154":{"start":{"line":409,"column":4},"end":{"line":412,"column":7}},"155":{"start":{"line":417,"column":0},"end":{"line":439,"column":3}},"156":{"start":{"line":418,"column":2},"end":{"line":438,"column":3}},"157":{"start":{"line":419,"column":4},"end":{"line":430,"column":5}},"158":{"start":{"line":420,"column":26},"end":{"line":420,"column":58}},"159":{"start":{"line":421,"column":26},"end":{"line":423,"column":24}},"160":{"start":{"line":425,"column":6},"end":{"line":427,"column":7}},"161":{"start":{"line":426,"column":8},"end":{"line":426,"column":37}},"162":{"start":{"line":433,"column":4},"end":{"line":435,"column":7}},"163":{"start":{"line":437,"column":4},"end":{"line":437,"column":51}},"164":{"start":{"line":442,"column":0},"end":{"line":460,"column":3}},"165":{"start":{"line":443,"column":2},"end":{"line":459,"column":3}},"166":{"start":{"line":444,"column":4},"end":{"line":456,"column":5}},"167":{"start":{"line":445,"column":26},"end":{"line":445,"column":58}},"168":{"start":{"line":446,"column":27},"end":{"line":450,"column":30}},"169":{"start":{"line":452,"column":6},"end":{"line":452,"column":36}},"170":{"start":{"line":455,"column":6},"end":{"line":455,"column":26}},"171":{"start":{"line":458,"column":4},"end":{"line":458,"column":51}},"172":{"start":{"line":463,"column":0},"end":{"line":536,"column":3}},"173":{"start":{"line":464,"column":2},"end":{"line":535,"column":3}},"174":{"start":{"line":465,"column":22},"end":{"line":465,"column":26}},"175":{"start":{"line":466,"column":4},"end":{"line":473,"column":5}},"176":{"start":{"line":467,"column":26},"end":{"line":467,"column":58}},"177":{"start":{"line":468,"column":6},"end":{"line":470,"column":9}},"178":{"start":{"line":475,"column":4},"end":{"line":496,"column":5}},"179":{"start":{"line":478,"column":6},"end":{"line":494,"column":7}},"180":{"start":{"line":479,"column":8},"end":{"line":493,"column":9}},"181":{"start":{"line":480,"column":10},"end":{"line":480,"column":79}},"182":{"start":{"line":483,"column":10},"end":{"line":485,"column":11}},"183":{"start":{"line":484,"column":12},"end":{"line":484,"column":110}},"184":{"start":{"line":487,"column":10},"end":{"line":490,"column":13}},"185":{"start":{"line":492,"column":10},"end":{"line":492,"column":80}},"186":{"start":{"line":495,"column":6},"end":{"line":495,"column":71}},"187":{"start":{"line":499,"column":23},"end":{"line":499,"column":55}},"188":{"start":{"line":500,"column":16},"end":{"line":500,"column":26}},"189":{"start":{"line":501,"column":29},"end":{"line":501,"column":66}},"190":{"start":{"line":503,"column":4},"end":{"line":505,"column":5}},"191":{"start":{"line":504,"column":6},"end":{"line":504,"column":107}},"192":{"start":{"line":508,"column":4},"end":{"line":515,"column":5}},"193":{"start":{"line":509,"column":6},"end":{"line":514,"column":7}},"194":{"start":{"line":510,"column":8},"end":{"line":510,"column":83}},"195":{"start":{"line":512,"column":8},"end":{"line":512,"column":62}},"196":{"start":{"line":518,"column":4},"end":{"line":526,"column":5}},"197":{"start":{"line":519,"column":28},"end":{"line":521,"column":32}},"198":{"start":{"line":522,"column":29},"end":{"line":524,"column":33}},"199":{"start":{"line":525,"column":6},"end":{"line":525,"column":98}},"200":{"start":{"line":528,"column":4},"end":{"line":528,"column":37}},"201":{"start":{"line":529,"column":4},"end":{"line":529,"column":43}},"202":{"start":{"line":530,"column":4},"end":{"line":530,"column":29}},"203":{"start":{"line":532,"column":4},"end":{"line":532,"column":67}},"204":{"start":{"line":534,"column":4},"end":{"line":534,"column":51}},"205":{"start":{"line":539,"column":0},"end":{"line":565,"column":3}},"206":{"start":{"line":540,"column":2},"end":{"line":564,"column":3}},"207":{"start":{"line":541,"column":22},"end":{"line":541,"column":26}},"208":{"start":{"line":542,"column":4},"end":{"line":556,"column":5}},"209":{"start":{"line":543,"column":26},"end":{"line":543,"column":58}},"210":{"start":{"line":544,"column":6},"end":{"line":546,"column":9}},"211":{"start":{"line":548,"column":6},"end":{"line":553,"column":7}},"212":{"start":{"line":549,"column":8},"end":{"line":549,"column":41}},"213":{"start":{"line":550,"column":8},"end":{"line":550,"column":43}},"214":{"start":{"line":551,"column":8},"end":{"line":551,"column":33}},"215":{"start":{"line":552,"column":8},"end":{"line":552,"column":75}},"216":{"start":{"line":559,"column":4},"end":{"line":561,"column":7}},"217":{"start":{"line":563,"column":4},"end":{"line":563,"column":51}},"218":{"start":{"line":567,"column":0},"end":{"line":567,"column":24}}},"fnMap":{"0":{"name":"(anonymous_0)","decl":{"start":{"line":7,"column":17},"end":{"line":7,"column":18}},"loc":{"start":{"line":7,"column":37},"end":{"line":414,"column":1}},"line":7},"1":{"name":"(anonymous_1)","decl":{"start":{"line":417,"column":34},"end":{"line":417,"column":35}},"loc":{"start":{"line":417,"column":54},"end":{"line":439,"column":1}},"line":417},"2":{"name":"(anonymous_2)","decl":{"start":{"line":442,"column":28},"end":{"line":442,"column":29}},"loc":{"start":{"line":442,"column":48},"end":{"line":460,"column":1}},"line":442},"3":{"name":"(anonymous_3)","decl":{"start":{"line":463,"column":41},"end":{"line":463,"column":42}},"loc":{"start":{"line":463,"column":61},"end":{"line":536,"column":1}},"line":463},"4":{"name":"(anonymous_4)","decl":{"start":{"line":539,"column":42},"end":{"line":539,"column":43}},"loc":{"start":{"line":539,"column":62},"end":{"line":565,"column":1}},"line":539}},"branchMap":{"0":{"loc":{"start":{"line":21,"column":14},"end":{"line":21,"column":32}},"type":"default-arg","locations":[{"start":{"line":21,"column":30},"end":{"line":21,"column":32}}],"line":21},"1":{"loc":{"start":{"line":33,"column":4},"end":{"line":60,"column":5}},"type":"if","locations":[{"start":{"line":33,"column":4},"end":{"line":60,"column":5}},{"start":{"line":47,"column":11},"end":{"line":60,"column":5}}],"line":33},"2":{"loc":{"start":{"line":44,"column":25},"end":{"line":44,"column":93}},"type":"binary-expr","locations":[{"start":{"line":44,"column":25},"end":{"line":44,"column":55}},{"start":{"line":44,"column":59},"end":{"line":44,"column":88}},{"start":{"line":44,"column":92},"end":{"line":44,"column":93}}],"line":44},"3":{"loc":{"start":{"line":57,"column":25},"end":{"line":57,"column":93}},"type":"binary-expr","locations":[{"start":{"line":57,"column":25},"end":{"line":57,"column":55}},{"start":{"line":57,"column":59},"end":{"line":57,"column":88}},{"start":{"line":57,"column":92},"end":{"line":57,"column":93}}],"line":57},"4":{"loc":{"start":{"line":73,"column":4},"end":{"line":75,"column":5}},"type":"if","locations":[{"start":{"line":73,"column":4},"end":{"line":75,"column":5}},{"start":{},"end":{}}],"line":73},"5":{"loc":{"start":{"line":73,"column":8},"end":{"line":73,"column":32}},"type":"binary-expr","locations":[{"start":{"line":73,"column":8},"end":{"line":73,"column":12}},{"start":{"line":73,"column":16},"end":{"line":73,"column":32}}],"line":73},"6":{"loc":{"start":{"line":81,"column":4},"end":{"line":83,"column":5}},"type":"if","locations":[{"start":{"line":81,"column":4},"end":{"line":83,"column":5}},{"start":{},"end":{}}],"line":81},"7":{"loc":{"start":{"line":86,"column":17},"end":{"line":86,"column":86}},"type":"binary-expr","locations":[{"start":{"line":86,"column":17},"end":{"line":86,"column":29}},{"start":{"line":86,"column":33},"end":{"line":86,"column":86}}],"line":86},"8":{"loc":{"start":{"line":90,"column":4},"end":{"line":113,"column":5}},"type":"if","locations":[{"start":{"line":90,"column":4},"end":{"line":113,"column":5}},{"start":{},"end":{}}],"line":90},"9":{"loc":{"start":{"line":99,"column":8},"end":{"line":105,"column":9}},"type":"if","locations":[{"start":{"line":99,"column":8},"end":{"line":105,"column":9}},{"start":{},"end":{}}],"line":99},"10":{"loc":{"start":{"line":99,"column":12},"end":{"line":99,"column":65}},"type":"binary-expr","locations":[{"start":{"line":99,"column":12},"end":{"line":99,"column":31}},{"start":{"line":99,"column":35},"end":{"line":99,"column":49}},{"start":{"line":99,"column":53},"end":{"line":99,"column":65}}],"line":99},"11":{"loc":{"start":{"line":100,"column":27},"end":{"line":100,"column":80}},"type":"cond-expr","locations":[{"start":{"line":100,"column":55},"end":{"line":100,"column":72}},{"start":{"line":100,"column":75},"end":{"line":100,"column":80}}],"line":100},"12":{"loc":{"start":{"line":101,"column":10},"end":{"line":104,"column":11}},"type":"if","locations":[{"start":{"line":101,"column":10},"end":{"line":104,"column":11}},{"start":{},"end":{}}],"line":101},"13":{"loc":{"start":{"line":101,"column":14},"end":{"line":101,"column":46}},"type":"binary-expr","locations":[{"start":{"line":101,"column":14},"end":{"line":101,"column":30}},{"start":{"line":101,"column":34},"end":{"line":101,"column":46}}],"line":101},"14":{"loc":{"start":{"line":109,"column":6},"end":{"line":112,"column":7}},"type":"if","locations":[{"start":{"line":109,"column":6},"end":{"line":112,"column":7}},{"start":{},"end":{}}],"line":109},"15":{"loc":{"start":{"line":109,"column":10},"end":{"line":109,"column":59}},"type":"binary-expr","locations":[{"start":{"line":109,"column":10},"end":{"line":109,"column":30}},{"start":{"line":109,"column":34},"end":{"line":109,"column":59}}],"line":109},"16":{"loc":{"start":{"line":110,"column":27},"end":{"line":110,"column":90}},"type":"binary-expr","locations":[{"start":{"line":110,"column":27},"end":{"line":110,"column":43}},{"start":{"line":110,"column":47},"end":{"line":110,"column":64}},{"start":{"line":110,"column":68},"end":{"line":110,"column":85}},{"start":{"line":110,"column":89},"end":{"line":110,"column":90}}],"line":110},"17":{"loc":{"start":{"line":116,"column":29},"end":{"line":116,"column":56}},"type":"binary-expr","locations":[{"start":{"line":116,"column":29},"end":{"line":116,"column":51}},{"start":{"line":116,"column":55},"end":{"line":116,"column":56}}],"line":116},"18":{"loc":{"start":{"line":119,"column":33},"end":{"line":119,"column":75}},"type":"binary-expr","locations":[{"start":{"line":119,"column":33},"end":{"line":119,"column":43}},{"start":{"line":119,"column":48},"end":{"line":119,"column":74}}],"line":119},"19":{"loc":{"start":{"line":122,"column":23},"end":{"line":122,"column":108}},"type":"binary-expr","locations":[{"start":{"line":122,"column":23},"end":{"line":122,"column":41}},{"start":{"line":122,"column":46},"end":{"line":122,"column":107}}],"line":122},"20":{"loc":{"start":{"line":126,"column":36},"end":{"line":126,"column":73}},"type":"binary-expr","locations":[{"start":{"line":126,"column":36},"end":{"line":126,"column":49}},{"start":{"line":126,"column":53},"end":{"line":126,"column":73}}],"line":126},"21":{"loc":{"start":{"line":140,"column":20},"end":{"line":140,"column":42}},"type":"binary-expr","locations":[{"start":{"line":140,"column":20},"end":{"line":140,"column":36}},{"start":{"line":140,"column":40},"end":{"line":140,"column":42}}],"line":140},"22":{"loc":{"start":{"line":141,"column":4},"end":{"line":144,"column":5}},"type":"if","locations":[{"start":{"line":141,"column":4},"end":{"line":144,"column":5}},{"start":{},"end":{}}],"line":141},"23":{"loc":{"start":{"line":142,"column":14},"end":{"line":142,"column":80}},"type":"binary-expr","locations":[{"start":{"line":142,"column":14},"end":{"line":142,"column":27}},{"start":{"line":142,"column":31},"end":{"line":142,"column":45}},{"start":{"line":142,"column":49},"end":{"line":142,"column":63}},{"start":{"line":142,"column":67},"end":{"line":142,"column":80}}],"line":142},"24":{"loc":{"start":{"line":143,"column":6},"end":{"line":143,"column":70}},"type":"if","locations":[{"start":{"line":143,"column":6},"end":{"line":143,"column":70}},{"start":{},"end":{}}],"line":143},"25":{"loc":{"start":{"line":145,"column":4},"end":{"line":148,"column":5}},"type":"if","locations":[{"start":{"line":145,"column":4},"end":{"line":148,"column":5}},{"start":{},"end":{}}],"line":145},"26":{"loc":{"start":{"line":146,"column":19},"end":{"line":146,"column":107}},"type":"binary-expr","locations":[{"start":{"line":146,"column":19},"end":{"line":146,"column":37}},{"start":{"line":146,"column":41},"end":{"line":146,"column":61}},{"start":{"line":146,"column":65},"end":{"line":146,"column":85}},{"start":{"line":146,"column":89},"end":{"line":146,"column":107}}],"line":146},"27":{"loc":{"start":{"line":147,"column":6},"end":{"line":147,"column":85}},"type":"if","locations":[{"start":{"line":147,"column":6},"end":{"line":147,"column":85}},{"start":{},"end":{}}],"line":147},"28":{"loc":{"start":{"line":149,"column":4},"end":{"line":152,"column":5}},"type":"if","locations":[{"start":{"line":149,"column":4},"end":{"line":152,"column":5}},{"start":{},"end":{}}],"line":149},"29":{"loc":{"start":{"line":150,"column":16},"end":{"line":150,"column":90}},"type":"binary-expr","locations":[{"start":{"line":150,"column":16},"end":{"line":150,"column":31}},{"start":{"line":150,"column":35},"end":{"line":150,"column":51}},{"start":{"line":150,"column":55},"end":{"line":150,"column":71}},{"start":{"line":150,"column":75},"end":{"line":150,"column":90}}],"line":150},"30":{"loc":{"start":{"line":151,"column":6},"end":{"line":151,"column":76}},"type":"if","locations":[{"start":{"line":151,"column":6},"end":{"line":151,"column":76}},{"start":{},"end":{}}],"line":151},"31":{"loc":{"start":{"line":155,"column":4},"end":{"line":155,"column":50}},"type":"if","locations":[{"start":{"line":155,"column":4},"end":{"line":155,"column":50}},{"start":{},"end":{}}],"line":155},"32":{"loc":{"start":{"line":156,"column":4},"end":{"line":156,"column":52}},"type":"if","locations":[{"start":{"line":156,"column":4},"end":{"line":156,"column":52}},{"start":{},"end":{}}],"line":156},"33":{"loc":{"start":{"line":157,"column":4},"end":{"line":157,"column":44}},"type":"if","locations":[{"start":{"line":157,"column":4},"end":{"line":157,"column":44}},{"start":{},"end":{}}],"line":157},"34":{"loc":{"start":{"line":158,"column":4},"end":{"line":158,"column":54}},"type":"if","locations":[{"start":{"line":158,"column":4},"end":{"line":158,"column":54}},{"start":{},"end":{}}],"line":158},"35":{"loc":{"start":{"line":159,"column":4},"end":{"line":159,"column":48}},"type":"if","locations":[{"start":{"line":159,"column":4},"end":{"line":159,"column":48}},{"start":{},"end":{}}],"line":159},"36":{"loc":{"start":{"line":161,"column":4},"end":{"line":180,"column":5}},"type":"if","locations":[{"start":{"line":161,"column":4},"end":{"line":180,"column":5}},{"start":{},"end":{}}],"line":161},"37":{"loc":{"start":{"line":190,"column":6},"end":{"line":194,"column":7}},"type":"if","locations":[{"start":{"line":190,"column":6},"end":{"line":194,"column":7}},{"start":{},"end":{}}],"line":190},"38":{"loc":{"start":{"line":195,"column":6},"end":{"line":199,"column":7}},"type":"if","locations":[{"start":{"line":195,"column":6},"end":{"line":199,"column":7}},{"start":{},"end":{}}],"line":195},"39":{"loc":{"start":{"line":229,"column":19},"end":{"line":229,"column":48}},"type":"binary-expr","locations":[{"start":{"line":229,"column":19},"end":{"line":229,"column":42}},{"start":{"line":229,"column":46},"end":{"line":229,"column":48}}],"line":229},"40":{"loc":{"start":{"line":230,"column":20},"end":{"line":230,"column":50}},"type":"binary-expr","locations":[{"start":{"line":230,"column":20},"end":{"line":230,"column":44}},{"start":{"line":230,"column":48},"end":{"line":230,"column":50}}],"line":230},"41":{"loc":{"start":{"line":231,"column":16},"end":{"line":231,"column":42}},"type":"binary-expr","locations":[{"start":{"line":231,"column":16},"end":{"line":231,"column":36}},{"start":{"line":231,"column":40},"end":{"line":231,"column":42}}],"line":231},"42":{"loc":{"start":{"line":232,"column":19},"end":{"line":232,"column":37}},"type":"binary-expr","locations":[{"start":{"line":232,"column":19},"end":{"line":232,"column":31}},{"start":{"line":232,"column":35},"end":{"line":232,"column":37}}],"line":232},"43":{"loc":{"start":{"line":233,"column":24},"end":{"line":233,"column":47}},"type":"binary-expr","locations":[{"start":{"line":233,"column":24},"end":{"line":233,"column":41}},{"start":{"line":233,"column":45},"end":{"line":233,"column":47}}],"line":233},"44":{"loc":{"start":{"line":234,"column":20},"end":{"line":234,"column":55}},"type":"binary-expr","locations":[{"start":{"line":234,"column":20},"end":{"line":234,"column":28}},{"start":{"line":234,"column":32},"end":{"line":234,"column":45}},{"start":{"line":234,"column":49},"end":{"line":234,"column":55}}],"line":234},"45":{"loc":{"start":{"line":235,"column":20},"end":{"line":235,"column":50}},"type":"cond-expr","locations":[{"start":{"line":235,"column":38},"end":{"line":235,"column":42}},{"start":{"line":235,"column":45},"end":{"line":235,"column":50}}],"line":235},"46":{"loc":{"start":{"line":236,"column":22},"end":{"line":236,"column":54}},"type":"cond-expr","locations":[{"start":{"line":236,"column":42},"end":{"line":236,"column":46}},{"start":{"line":236,"column":49},"end":{"line":236,"column":54}}],"line":236},"47":{"loc":{"start":{"line":237,"column":28},"end":{"line":237,"column":66}},"type":"cond-expr","locations":[{"start":{"line":237,"column":54},"end":{"line":237,"column":58}},{"start":{"line":237,"column":61},"end":{"line":237,"column":66}}],"line":237},"48":{"loc":{"start":{"line":238,"column":15},"end":{"line":238,"column":40}},"type":"cond-expr","locations":[{"start":{"line":238,"column":28},"end":{"line":238,"column":32}},{"start":{"line":238,"column":35},"end":{"line":238,"column":40}}],"line":238},"49":{"loc":{"start":{"line":239,"column":16},"end":{"line":239,"column":42}},"type":"cond-expr","locations":[{"start":{"line":239,"column":30},"end":{"line":239,"column":34}},{"start":{"line":239,"column":37},"end":{"line":239,"column":42}}],"line":239},"50":{"loc":{"start":{"line":240,"column":15},"end":{"line":240,"column":40}},"type":"cond-expr","locations":[{"start":{"line":240,"column":28},"end":{"line":240,"column":32}},{"start":{"line":240,"column":35},"end":{"line":240,"column":40}}],"line":240},"51":{"loc":{"start":{"line":241,"column":23},"end":{"line":241,"column":56}},"type":"cond-expr","locations":[{"start":{"line":241,"column":44},"end":{"line":241,"column":48}},{"start":{"line":241,"column":51},"end":{"line":241,"column":56}}],"line":241},"52":{"loc":{"start":{"line":244,"column":26},"end":{"line":244,"column":53}},"type":"binary-expr","locations":[{"start":{"line":244,"column":26},"end":{"line":244,"column":48}},{"start":{"line":244,"column":52},"end":{"line":244,"column":53}}],"line":244},"53":{"loc":{"start":{"line":245,"column":25},"end":{"line":245,"column":77}},"type":"cond-expr","locations":[{"start":{"line":245,"column":57},"end":{"line":245,"column":58}},{"start":{"line":245,"column":62},"end":{"line":245,"column":76}}],"line":245},"54":{"loc":{"start":{"line":245,"column":62},"end":{"line":245,"column":76}},"type":"binary-expr","locations":[{"start":{"line":245,"column":62},"end":{"line":245,"column":71}},{"start":{"line":245,"column":75},"end":{"line":245,"column":76}}],"line":245},"55":{"loc":{"start":{"line":259,"column":8},"end":{"line":282,"column":9}},"type":"if","locations":[{"start":{"line":259,"column":8},"end":{"line":282,"column":9}},{"start":{"line":279,"column":15},"end":{"line":282,"column":9}}],"line":259},"56":{"loc":{"start":{"line":259,"column":12},"end":{"line":259,"column":80}},"type":"binary-expr","locations":[{"start":{"line":259,"column":12},"end":{"line":259,"column":46}},{"start":{"line":259,"column":50},"end":{"line":259,"column":80}}],"line":259},"57":{"loc":{"start":{"line":261,"column":38},"end":{"line":261,"column":93}},"type":"binary-expr","locations":[{"start":{"line":261,"column":38},"end":{"line":261,"column":54}},{"start":{"line":261,"column":58},"end":{"line":261,"column":74}},{"start":{"line":261,"column":78},"end":{"line":261,"column":93}}],"line":261},"58":{"loc":{"start":{"line":262,"column":35},"end":{"line":262,"column":63}},"type":"binary-expr","locations":[{"start":{"line":262,"column":35},"end":{"line":262,"column":47}},{"start":{"line":262,"column":51},"end":{"line":262,"column":63}}],"line":262},"59":{"loc":{"start":{"line":265,"column":29},"end":{"line":265,"column":101}},"type":"binary-expr","locations":[{"start":{"line":265,"column":29},"end":{"line":265,"column":51}},{"start":{"line":265,"column":55},"end":{"line":265,"column":77}},{"start":{"line":265,"column":81},"end":{"line":265,"column":101}}],"line":265},"60":{"loc":{"start":{"line":266,"column":10},"end":{"line":270,"column":11}},"type":"if","locations":[{"start":{"line":266,"column":10},"end":{"line":270,"column":11}},{"start":{},"end":{}}],"line":266},"61":{"loc":{"start":{"line":266,"column":14},"end":{"line":266,"column":52}},"type":"binary-expr","locations":[{"start":{"line":266,"column":14},"end":{"line":266,"column":32}},{"start":{"line":266,"column":36},"end":{"line":266,"column":52}}],"line":266},"62":{"loc":{"start":{"line":279,"column":15},"end":{"line":282,"column":9}},"type":"if","locations":[{"start":{"line":279,"column":15},"end":{"line":282,"column":9}},{"start":{},"end":{}}],"line":279},"63":{"loc":{"start":{"line":279,"column":19},"end":{"line":279,"column":90}},"type":"binary-expr","locations":[{"start":{"line":279,"column":19},"end":{"line":279,"column":58}},{"start":{"line":279,"column":62},"end":{"line":279,"column":90}}],"line":279},"64":{"loc":{"start":{"line":280,"column":38},"end":{"line":280,"column":123}},"type":"binary-expr","locations":[{"start":{"line":280,"column":38},"end":{"line":280,"column":64}},{"start":{"line":280,"column":68},"end":{"line":280,"column":94}},{"start":{"line":280,"column":98},"end":{"line":280,"column":123}}],"line":280},"65":{"loc":{"start":{"line":281,"column":35},"end":{"line":281,"column":83}},"type":"binary-expr","locations":[{"start":{"line":281,"column":35},"end":{"line":281,"column":57}},{"start":{"line":281,"column":61},"end":{"line":281,"column":83}}],"line":281},"66":{"loc":{"start":{"line":284,"column":8},"end":{"line":310,"column":9}},"type":"if","locations":[{"start":{"line":284,"column":8},"end":{"line":310,"column":9}},{"start":{"line":294,"column":15},"end":{"line":310,"column":9}}],"line":284},"67":{"loc":{"start":{"line":289,"column":10},"end":{"line":293,"column":11}},"type":"if","locations":[{"start":{"line":289,"column":10},"end":{"line":293,"column":11}},{"start":{},"end":{}}],"line":289},"68":{"loc":{"start":{"line":289,"column":14},"end":{"line":289,"column":33}},"type":"binary-expr","locations":[{"start":{"line":289,"column":14},"end":{"line":289,"column":19}},{"start":{"line":289,"column":23},"end":{"line":289,"column":33}}],"line":289},"69":{"loc":{"start":{"line":296,"column":10},"end":{"line":309,"column":11}},"type":"if","locations":[{"start":{"line":296,"column":10},"end":{"line":309,"column":11}},{"start":{"line":304,"column":17},"end":{"line":309,"column":11}}],"line":296},"70":{"loc":{"start":{"line":296,"column":14},"end":{"line":298,"column":86}},"type":"binary-expr","locations":[{"start":{"line":296,"column":14},"end":{"line":296,"column":34}},{"start":{"line":297,"column":15},"end":{"line":297,"column":54}},{"start":{"line":297,"column":58},"end":{"line":297,"column":91}},{"start":{"line":298,"column":15},"end":{"line":298,"column":49}},{"start":{"line":298,"column":53},"end":{"line":298,"column":85}}],"line":296},"71":{"loc":{"start":{"line":313,"column":8},"end":{"line":315,"column":9}},"type":"if","locations":[{"start":{"line":313,"column":8},"end":{"line":315,"column":9}},{"start":{},"end":{}}],"line":313},"72":{"loc":{"start":{"line":336,"column":25},"end":{"line":336,"column":85}},"type":"binary-expr","locations":[{"start":{"line":336,"column":25},"end":{"line":336,"column":40}},{"start":{"line":336,"column":44},"end":{"line":336,"column":85}}],"line":336},"73":{"loc":{"start":{"line":341,"column":18},"end":{"line":341,"column":53}},"type":"binary-expr","locations":[{"start":{"line":341,"column":18},"end":{"line":341,"column":26}},{"start":{"line":341,"column":30},"end":{"line":341,"column":43}},{"start":{"line":341,"column":47},"end":{"line":341,"column":53}}],"line":341},"74":{"loc":{"start":{"line":342,"column":16},"end":{"line":342,"column":80}},"type":"cond-expr","locations":[{"start":{"line":342,"column":57},"end":{"line":342,"column":68}},{"start":{"line":342,"column":71},"end":{"line":342,"column":80}}],"line":342},"75":{"loc":{"start":{"line":344,"column":20},"end":{"line":344,"column":51}},"type":"binary-expr","locations":[{"start":{"line":344,"column":20},"end":{"line":344,"column":43}},{"start":{"line":344,"column":47},"end":{"line":344,"column":51}}],"line":344},"76":{"loc":{"start":{"line":350,"column":6},"end":{"line":352,"column":7}},"type":"if","locations":[{"start":{"line":350,"column":6},"end":{"line":352,"column":7}},{"start":{},"end":{}}],"line":350},"77":{"loc":{"start":{"line":358,"column":30},"end":{"line":359,"column":82}},"type":"binary-expr","locations":[{"start":{"line":358,"column":30},"end":{"line":358,"column":65}},{"start":{"line":359,"column":6},"end":{"line":359,"column":82}}],"line":358},"78":{"loc":{"start":{"line":364,"column":11},"end":{"line":364,"column":32}},"type":"binary-expr","locations":[{"start":{"line":364,"column":11},"end":{"line":364,"column":14}},{"start":{"line":364,"column":18},"end":{"line":364,"column":32}}],"line":364},"79":{"loc":{"start":{"line":369,"column":23},"end":{"line":369,"column":83}},"type":"binary-expr","locations":[{"start":{"line":369,"column":23},"end":{"line":369,"column":38}},{"start":{"line":369,"column":42},"end":{"line":369,"column":83}}],"line":369},"80":{"loc":{"start":{"line":374,"column":16},"end":{"line":374,"column":51}},"type":"binary-expr","locations":[{"start":{"line":374,"column":16},"end":{"line":374,"column":24}},{"start":{"line":374,"column":28},"end":{"line":374,"column":41}},{"start":{"line":374,"column":45},"end":{"line":374,"column":51}}],"line":374},"81":{"loc":{"start":{"line":375,"column":14},"end":{"line":375,"column":78}},"type":"cond-expr","locations":[{"start":{"line":375,"column":55},"end":{"line":375,"column":66}},{"start":{"line":375,"column":69},"end":{"line":375,"column":78}}],"line":375},"82":{"loc":{"start":{"line":378,"column":18},"end":{"line":378,"column":49}},"type":"binary-expr","locations":[{"start":{"line":378,"column":18},"end":{"line":378,"column":41}},{"start":{"line":378,"column":45},"end":{"line":378,"column":49}}],"line":378},"83":{"loc":{"start":{"line":384,"column":10},"end":{"line":384,"column":61}},"type":"cond-expr","locations":[{"start":{"line":384,"column":29},"end":{"line":384,"column":56}},{"start":{"line":384,"column":59},"end":{"line":384,"column":61}}],"line":384},"84":{"loc":{"start":{"line":388,"column":4},"end":{"line":391,"column":5}},"type":"if","locations":[{"start":{"line":388,"column":4},"end":{"line":391,"column":5}},{"start":{},"end":{}}],"line":388},"85":{"loc":{"start":{"line":388,"column":8},"end":{"line":388,"column":27}},"type":"binary-expr","locations":[{"start":{"line":388,"column":8},"end":{"line":388,"column":13}},{"start":{"line":388,"column":17},"end":{"line":388,"column":27}}],"line":388},"86":{"loc":{"start":{"line":401,"column":23},"end":{"line":401,"column":84}},"type":"binary-expr","locations":[{"start":{"line":401,"column":23},"end":{"line":401,"column":36}},{"start":{"line":401,"column":40},"end":{"line":401,"column":84}}],"line":401},"87":{"loc":{"start":{"line":405,"column":4},"end":{"line":407,"column":5}},"type":"if","locations":[{"start":{"line":405,"column":4},"end":{"line":407,"column":5}},{"start":{},"end":{}}],"line":405},"88":{"loc":{"start":{"line":405,"column":8},"end":{"line":405,"column":63}},"type":"binary-expr","locations":[{"start":{"line":405,"column":8},"end":{"line":405,"column":21}},{"start":{"line":405,"column":25},"end":{"line":405,"column":63}}],"line":405},"89":{"loc":{"start":{"line":411,"column":15},"end":{"line":411,"column":87}},"type":"cond-expr","locations":[{"start":{"line":411,"column":29},"end":{"line":411,"column":75}},{"start":{"line":411,"column":78},"end":{"line":411,"column":87}}],"line":411},"90":{"loc":{"start":{"line":425,"column":6},"end":{"line":427,"column":7}},"type":"if","locations":[{"start":{"line":425,"column":6},"end":{"line":427,"column":7}},{"start":{},"end":{}}],"line":425},"91":{"loc":{"start":{"line":475,"column":4},"end":{"line":496,"column":5}},"type":"if","locations":[{"start":{"line":475,"column":4},"end":{"line":496,"column":5}},{"start":{},"end":{}}],"line":475},"92":{"loc":{"start":{"line":478,"column":6},"end":{"line":494,"column":7}},"type":"if","locations":[{"start":{"line":478,"column":6},"end":{"line":494,"column":7}},{"start":{},"end":{}}],"line":478},"93":{"loc":{"start":{"line":478,"column":10},"end":{"line":478,"column":55}},"type":"binary-expr","locations":[{"start":{"line":478,"column":10},"end":{"line":478,"column":32}},{"start":{"line":478,"column":36},"end":{"line":478,"column":55}}],"line":478},"94":{"loc":{"start":{"line":483,"column":10},"end":{"line":485,"column":11}},"type":"if","locations":[{"start":{"line":483,"column":10},"end":{"line":485,"column":11}},{"start":{},"end":{}}],"line":483},"95":{"loc":{"start":{"line":483,"column":14},"end":{"line":483,"column":98}},"type":"binary-expr","locations":[{"start":{"line":483,"column":14},"end":{"line":483,"column":28}},{"start":{"line":483,"column":32},"end":{"line":483,"column":51}},{"start":{"line":483,"column":55},"end":{"line":483,"column":74}},{"start":{"line":483,"column":78},"end":{"line":483,"column":98}}],"line":483},"96":{"loc":{"start":{"line":503,"column":4},"end":{"line":505,"column":5}},"type":"if","locations":[{"start":{"line":503,"column":4},"end":{"line":505,"column":5}},{"start":{},"end":{}}],"line":503},"97":{"loc":{"start":{"line":508,"column":4},"end":{"line":515,"column":5}},"type":"if","locations":[{"start":{"line":508,"column":4},"end":{"line":515,"column":5}},{"start":{},"end":{}}],"line":508},"98":{"loc":{"start":{"line":508,"column":8},"end":{"line":508,"column":59}},"type":"binary-expr","locations":[{"start":{"line":508,"column":8},"end":{"line":508,"column":33}},{"start":{"line":508,"column":37},"end":{"line":508,"column":59}}],"line":508},"99":{"loc":{"start":{"line":518,"column":4},"end":{"line":526,"column":5}},"type":"if","locations":[{"start":{"line":518,"column":4},"end":{"line":526,"column":5}},{"start":{},"end":{}}],"line":518},"100":{"loc":{"start":{"line":518,"column":8},"end":{"line":518,"column":51}},"type":"binary-expr","locations":[{"start":{"line":518,"column":8},"end":{"line":518,"column":25}},{"start":{"line":518,"column":29},"end":{"line":518,"column":51}}],"line":518},"101":{"loc":{"start":{"line":519,"column":28},"end":{"line":521,"column":32}},"type":"cond-expr","locations":[{"start":{"line":520,"column":10},"end":{"line":520,"column":60}},{"start":{"line":521,"column":10},"end":{"line":521,"column":32}}],"line":519},"102":{"loc":{"start":{"line":522,"column":29},"end":{"line":524,"column":33}},"type":"cond-expr","locations":[{"start":{"line":523,"column":10},"end":{"line":523,"column":61}},{"start":{"line":524,"column":10},"end":{"line":524,"column":33}}],"line":522},"103":{"loc":{"start":{"line":548,"column":6},"end":{"line":553,"column":7}},"type":"if","locations":[{"start":{"line":548,"column":6},"end":{"line":553,"column":7}},{"start":{},"end":{}}],"line":548}},"s":{"0":2,"1":2,"2":2,"3":2,"4":2,"5":0,"6":0,"7":0,"8":0,"9":0,"10":0,"11":0,"12":0,"13":0,"14":0,"15":0,"16":0,"17":0,"18":0,"19":0,"20":0,"21":0,"22":0,"23":0,"24":0,"25":0,"26":0,"27":0,"28":0,"29":0,"30":0,"31":0,"32":0,"33":0,"34":0,"35":0,"36":0,"37":0,"38":0,"39":0,"40":0,"41":0,"42":0,"43":0,"44":0,"45":0,"46":0,"47":0,"48":0,"49":0,"50":0,"51":0,"52":0,"53":0,"54":0,"55":0,"56":0,"57":0,"58":0,"59":0,"60":0,"61":0,"62":0,"63":0,"64":0,"65":0,"66":0,"67":0,"68":0,"69":0,"70":0,"71":0,"72":0,"73":0,"74":0,"75":0,"76":0,"77":0,"78":0,"79":0,"80":0,"81":0,"82":0,"83":0,"84":0,"85":0,"86":0,"87":0,"88":0,"89":0,"90":0,"91":0,"92":0,"93":0,"94":0,"95":0,"96":0,"97":0,"98":0,"99":0,"100":0,"101":0,"102":0,"103":0,"104":0,"105":0,"106":0,"107":0,"108":0,"109":0,"110":0,"111":0,"112":0,"113":0,"114":0,"115":0,"116":0,"117":0,"118":0,"119":0,"120":0,"121":0,"122":0,"123":0,"124":0,"125":0,"126":0,"127":0,"128":0,"129":0,"130":0,"131":0,"132":0,"133":0,"134":0,"135":0,"136":0,"137":0,"138":0,"139":0,"140":0,"141":0,"142":0,"143":0,"144":0,"145":0,"146":0,"147":0,"148":0,"149":0,"150":0,"151":0,"152":0,"153":0,"154":0,"155":2,"156":0,"157":0,"158":0,"159":0,"160":0,"161":0,"162":0,"163":0,"164":2,"165":0,"166":0,"167":0,"168":0,"169":0,"170":0,"171":0,"172":2,"173":0,"174":0,"175":0,"176":0,"177":0,"178":0,"179":0,"180":0,"181":0,"182":0,"183":0,"184":0,"185":0,"186":0,"187":0,"188":0,"189":0,"190":0,"191":0,"192":0,"193":0,"194":0,"195":0,"196":0,"197":0,"198":0,"199":0,"200":0,"201":0,"202":0,"203":0,"204":0,"205":2,"206":0,"207":0,"208":0,"209":0,"210":0,"211":0,"212":0,"213":0,"214":0,"215":0,"216":0,"217":0,"218":2},"f":{"0":0,"1":0,"2":0,"3":0,"4":0},"b":{"0":[0],"1":[0,0],"2":[0,0,0],"3":[0,0,0],"4":[0,0],"5":[0,0],"6":[0,0],"7":[0,0],"8":[0,0],"9":[0,0],"10":[0,0,0],"11":[0,0],"12":[0,0],"13":[0,0],"14":[0,0],"15":[0,0],"16":[0,0,0,0],"17":[0,0],"18":[0,0],"19":[0,0],"20":[0,0],"21":[0,0],"22":[0,0],"23":[0,0,0,0],"24":[0,0],"25":[0,0],"26":[0,0,0,0],"27":[0,0],"28":[0,0],"29":[0,0,0,0],"30":[0,0],"31":[0,0],"32":[0,0],"33":[0,0],"34":[0,0],"35":[0,0],"36":[0,
[...]
":257,"column":8},"end":{"line":259,"column":68}},"type":"binary-expr","locations":[{"start":{"line":257,"column":8},"end":{"line":257,"column":22}},{"start":{"line":258,"column":9},"end":{"line":258,"column":42}},{"start":{"line":258,"column":46},"end":{"line":258,"column":73}},{"start":{"line":259,"column":9},"end":{"line":259,"column":37}},{"start":{"line":259,"column":41},"end":{"line":259,"column":67}}],"line":257},"62":{"loc":{"start":{"line":263,"column":13},"end":{"line":263,"column":32}},"type":"binary-expr","locations":[{"start":{"line":263,"column":13},"end":{"line":263,"column":26}},{"start":{"line":263,"column":30},"end":{"line":263,"column":32}}],"line":263},"63":{"loc":{"start":{"line":269,"column":4},"end":{"line":315,"column":5}},"type":"if","locations":[{"start":{"line":269,"column":4},"end":{"line":315,"column":5}},{"start":{"line":312,"column":11},"end":{"line":315,"column":5}}],"line":269},"64":{"loc":{"start":{"line":269,"column":8},"end":{"line":269,"column":64}},"type":"binary-expr","locations":[{"start":{"line":269,"column":8},"end":{"line":269,"column":36}},{"start":{"line":269,"column":40},"end":{"line":269,"column":64}}],"line":269},"65":{"loc":{"start":{"line":273,"column":24},"end":{"line":275,"column":79}},"type":"binary-expr","locations":[{"start":{"line":273,"column":24},"end":{"line":273,"column":52}},{"start":{"line":273,"column":56},"end":{"line":273,"column":82}},{"start":{"line":274,"column":23},"end":{"line":274,"column":50}},{"start":{"line":274,"column":54},"end":{"line":274,"column":79}},{"start":{"line":275,"column":23},"end":{"line":275,"column":50}},{"start":{"line":275,"column":54},"end":{"line":275,"column":79}}],"line":273},"66":{"loc":{"start":{"line":278,"column":6},"end":{"line":301,"column":7}},"type":"if","locations":[{"start":{"line":278,"column":6},"end":{"line":301,"column":7}},{"start":{},"end":{}}],"line":278},"67":{"loc":{"start":{"line":278,"column":10},"end":{"line":278,"column":70}},"type":"binary-expr","locations":[{"start":{"line":278,"column":10},"end":{"line":278,"column":39}},{"start":{"line":278,"column":43},"end":{"line":278,"column":70}}],"line":278},"68":{"loc":{"start":{"line":280,"column":8},"end":{"line":300,"column":9}},"type":"if","locations":[{"start":{"line":280,"column":8},"end":{"line":300,"column":9}},{"start":{"line":285,"column":15},"end":{"line":300,"column":9}}],"line":280},"69":{"loc":{"start":{"line":287,"column":27},"end":{"line":289,"column":186}},"type":"binary-expr","locations":[{"start":{"line":287,"column":27},"end":{"line":287,"column":42}},{"start":{"line":287,"column":46},"end":{"line":287,"column":61}},{"start":{"line":287,"column":65},"end":{"line":287,"column":82}},{"start":{"line":287,"column":86},"end":{"line":287,"column":103}},{"start":{"line":288,"column":26},"end":{"line":288,"column":40}},{"start":{"line":288,"column":44},"end":{"line":288,"column":58}},{"start":{"line":289,"column":27},"end":{"line":289,"column":185}}],"line":287},"70":{"loc":{"start":{"line":289,"column":27},"end":{"line":289,"column":185}},"type":"cond-expr","locations":[{"start":{"line":289,"column":60},"end":{"line":289,"column":165}},{"start":{"line":289,"column":168},"end":{"line":289,"column":185}}],"line":289},"71":{"loc":{"start":{"line":304,"column":6},"end":{"line":311,"column":7}},"type":"if","locations":[{"start":{"line":304,"column":6},"end":{"line":311,"column":7}},{"start":{},"end":{}}],"line":304},"72":{"loc":{"start":{"line":309,"column":18},"end":{"line":309,"column":54}},"type":"binary-expr","locations":[{"start":{"line":309,"column":18},"end":{"line":309,"column":34}},{"start":{"line":309,"column":38},"end":{"line":309,"column":54}}],"line":309},"73":{"loc":{"start":{"line":312,"column":11},"end":{"line":315,"column":5}},"type":"if","locations":[{"start":{"line":312,"column":11},"end":{"line":315,"column":5}},{"start":{},"end":{}}],"line":312},"74":{"loc":{"start":{"line":312,"column":15},"end":{"line":312,"column":74}},"type":"binary-expr","locations":[{"start":{"line":312,"column":15},"end":{"line":312,"column":48}},{"start":{"line":312,"column":52},"end":{"line":312,"column":74}}],"line":312},"75":{"loc":{"start":{"line":320,"column":4},"end":{"line":322,"column":5}},"type":"if","locations":[{"start":{"line":320,"column":4},"end":{"line":322,"column":5}},{"start":{},"end":{}}],"line":320}},"s":{"0":2,"1":2,"2":2,"3":1,"4":1,"5":1,"6":1,"7":0,"8":0,"9":2,"10":1,"11":1,"12":1,"13":1,"14":0,"15":0,"16":2,"17":0,"18":0,"19":0,"20":0,"21":0,"22":0,"23":0,"24":0,"25":0,"26":0,"27":0,"28":0,"29":0,"30":0,"31":0,"32":0,"33":0,"34":0,"35":0,"36":0,"37":0,"38":0,"39":0,"40":0,"41":0,"42":0,"43":0,"44":0,"45":0,"46":0,"47":2,"48":0,"49":0,"50":0,"51":0,"52":0,"53":0,"54":0,"55":0,"56":0,"57":0,"58":0,"59":0,"60":0,"61":0,"62":0,"63":0,"64":0,"65":0,"66":0,"67":0,"68":0,"69":0,"70":0,"71":0,"72":0,"73":0,"74":0,"75":0,"76":0,"77":0,"78":0,"79":0,"80":0,"81":0,"82":0,"83":0,"84":2,"85":0,"86":0,"87":0,"88":0,"89":0,"90":0,"91":2},"f":{"0":1,"1":1,"2":0,"3":0,"4":0,"5":0},"b":{"0":[0],"1":[0],"2":[0],"3":[0],"4":[0],"5":[0,0],"6":[0,0,0,0],"7":[0,0],"8":[0,0,0,0],"9":[0,0],"10":[0,0],"11":[0,0],"12":[0,0],"13":[0,0],"14":[0,0],"15":[0,0],"16":[0,0],"17":[0,0],"18":[0,0],"19":[0,0,0,0],"20":[0,0,0,0],"21":[0,0],"22":[0,0],"23":[0],"24":[0],"25":[0],"26":[0],"27":[0],"28":[0],"29":[0],"30":[0],"31":[0],"32":[0],"33":[0],"34":[0],"35":[0],"36":[0,0],"37":[0,0],"38":[0,0],"39":[0,0],"40":[0,0],"41":[0,0],"42":[0,0],"43":[0,0],"44":[0,0],"45":[0,0],"46":[0,0],"47":[0,0],"48":[0,0],"49":[0,0],"50":[0,0],"51":[0,0],"52":[0,0],"53":[0,0],"54":[0,0],"55":[0,0],"56":[0,0],"57":[0,0],"58":[0,0],"59":[0,0],"60":[0,0],"61":[0,0,0,0,0],"62":[0,0],"63":[0,0],"64":[0,0],"65":[0,0,0,0,0,0],"66":[0,0],"67":[0,0],"68":[0,0],"69":[0,0,0,0,0,0,0],"70":[0,0],"71":[0,0],"72":[0,0],"73":[0,0],"74":[0,0],"75":[0,0]},"_coverageSchema":"1a1c01bbd47fc00a2c39e90264f33305004495a9","hash":"d375564ffe8ae556d32d1e0e44d15718bc72d1b9"}
,"/Users/emre/Desktop/yeni projeler/xdrive/backend/services/paymentService.js": {"path":"/Users/emre/Desktop/yeni projeler/xdrive/backend/services/paymentService.js","statementMap":{"0":{"start":{"line":1,"column":15},"end":{"line":1,"column":88}},"1":{"start":{"line":10,"column":28},"end":{"line":43,"column":1}},"2":{"start":{"line":11,"column":4},"end":{"line":42,"column":5}},"3":{"start":{"line":13,"column":8},"end":{"line":19,"column":9}},"4":{"start":{"line":14,"column":12},"end":{"line":14,"column":75}},"5":{"start":{"line":15,"column":12},"end":{"line":18,"column":14}},"6":{"start":{"line":22,"column":30},"end":{"line":22,"column":64}},"7":{"start":{"line":24,"column":30},"end":{"line":33,"column":10}},"8":{"start":{"line":35,"column":8},"end":{"line":38,"column":10}},"9":{"start":{"line":40,"column":8},"end":{"line":40,"column":63}},"10":{"start":{"line":41,"column":8},"end":{"line":41,"column":20}},"11":{"start":{"line":45,"column":0},"end":{"line":47,"column":2}}},"fnMap":{"0":{"name":"(anonymous_0)","decl":{"start":{"line":10,"column":28},"end":{"line":10,"column":29}},"loc":{"start":{"line":10,"column":96},"end":{"line":43,"column":1}},"line":10}},"branchMap":{"0":{"loc":{"start":{"line":1,"column":33},"end":{"line":1,"column":87}},"type":"binary-expr","locations":[{"start":{"line":1,"column":33},"end":{"line":1,"column":62}},{"start":{"line":1,"column":66},"end":{"line":1,"column":87}}],"line":1},"1":{"loc":{"start":{"line":10,"column":53},"end":{"line":10,"column":69}},"type":"default-arg","locations":[{"start":{"line":10,"column":64},"end":{"line":10,"column":69}}],"line":10},"2":{"loc":{"start":{"line":13,"column":8},"end":{"line":19,"column":9}},"type":"if","locations":[{"start":{"line":13,"column":8},"end":{"line":19,"column":9}},{"start":{},"end":{}}],"line":13},"3":{"loc":{"start":{"line":13,"column":12},"end":{"line":13,"column":101}},"type":"binary-expr","locations":[{"start":{"line":13,"column":12},"end":{"line":13,"column":42}},{"start":{"line":13,"column":46},"end":{"line":13,"column":101}}],"line":13},"4":{"loc":{"start":{"line":31,"column":38},"end":{"line":31,"column":67}},"type":"binary-expr","locations":[{"start":{"line":31,"column":38},"end":{"line":31,"column":58}},{"start":{"line":31,"column":62},"end":{"line":31,"column":67}}],"line":31}},"s":{"0":0,"1":0,"2":0,"3":0,"4":0,"5":0,"6":0,"7":0,"8":0,"9":0,"10":0,"11":0},"f":{"0":0},"b":{"0":[0,0],"1":[0],"2":[0,0],"3":[0,0],"4":[0,0]}}
,"/Users/emre/Desktop/yeni projeler/xdrive/backend/services/paytrService.js": {"path":"/Users/emre/Desktop/yeni projeler/xdrive/backend/services/paytrService.js","statementMap":{"0":{"start":{"line":1,"column":14},"end":{"line":1,"column":30}},"1":{"start":{"line":2,"column":15},"end":{"line":2,"column":32}},"2":{"start":{"line":9,"column":22},"end":{"line":96,"column":1}},"3":{"start":{"line":20,"column":8},"end":{"line":20,"column":14}},"4":{"start":{"line":22,"column":24},"end":{"line":22,"column":53}},"5":{"start":{"line":23,"column":25},"end":{"line":23,"column":55}},"6":{"start":{"line":24,"column":26},"end":{"line":24,"column":57}},"7":{"start":{"line":27,"column":4},"end":{"line":30,"column":5}},"8":{"start":{"line":28,"column":8},"end":{"line":28,"column":54}},"9":{"start":{"line":29,"column":8},"end":{"line":29,"column":78}},"10":{"start":{"line":33,"column":27},"end":{"line":33,"column":28}},"11":{"start":{"line":34,"column":28},"end":{"line":34,"column":29}},"12":{"start":{"line":35,"column":21},"end":{"line":35,"column":22}},"13":{"start":{"line":36,"column":22},"end":{"line":36,"column":67}},"14":{"start":{"line":37,"column":26},"end":{"line":37,"column":28}},"15":{"start":{"line":38,"column":17},"end":{"line":38,"column":21}},"16":{"start":{"line":41,"column":20},"end":{"line":41,"column":74}},"17":{"start":{"line":42,"column":19},"end":{"line":42,"column":47}},"18":{"start":{"line":43,"column":21},"end":{"line":43,"column":46}},"19":{"start":{"line":47,"column":29},"end":{"line":47,"column":56}},"20":{"start":{"line":51,"column":23},"end":{"line":51,"column":161}},"21":{"start":{"line":53,"column":24},"end":{"line":55,"column":25}},"22":{"start":{"line":58,"column":21},"end":{"line":58,"column":42}},"23":{"start":{"line":59,"column":4},"end":{"line":59,"column":48}},"24":{"start":{"line":60,"column":4},"end":{"line":60,"column":40}},"25":{"start":{"line":61,"column":4},"end":{"line":61,"column":50}},"26":{"start":{"line":62,"column":4},"end":{"line":62,"column":36}},"27":{"start":{"line":63,"column":4},"end":{"line":63,"column":54}},"28":{"start":{"line":64,"column":4},"end":{"line":64,"column":48}},"29":{"start":{"line":65,"column":4},"end":{"line":65,"column":53}},"30":{"start":{"line":66,"column":4},"end":{"line":66,"column":42}},"31":{"start":{"line":67,"column":4},"end":{"line":67,"column":54}},"32":{"start":{"line":68,"column":4},"end":{"line":68,"column":56}},"33":{"start":{"line":69,"column":4},"end":{"line":69,"column":44}},"34":{"start":{"line":70,"column":4},"end":{"line":70,"column":50}},"35":{"start":{"line":71,"column":4},"end":{"line":71,"column":46}},"36":{"start":{"line":72,"column":4},"end":{"line":72,"column":47}},"37":{"start":{"line":73,"column":4},"end":{"line":73,"column":51}},"38":{"start":{"line":74,"column":4},"end":{"line":74,"column":52}},"39":{"start":{"line":75,"column":4},"end":{"line":75,"column":42}},"40":{"start":{"line":76,"column":4},"end":{"line":76,"column":44}},"41":{"start":{"line":77,"column":4},"end":{"line":77,"column":34}},"42":{"start":{"line":79,"column":4},"end":{"line":95,"column":5}},"43":{"start":{"line":80,"column":25},"end":{"line":84,"column":10}},"44":{"start":{"line":86,"column":8},"end":{"line":91,"column":9}},"45":{"start":{"line":87,"column":12},"end":{"line":87,"column":50}},"46":{"start":{"line":89,"column":12},"end":{"line":89,"column":74}},"47":{"start":{"line":90,"column":12},"end":{"line":90,"column":50}},"48":{"start":{"line":93,"column":8},"end":{"line":93,"column":66}},"49":{"start":{"line":94,"column":8},"end":{"line":94,"column":20}},"50":{"start":{"line":103,"column":23},"end":{"line":116,"column":1}},"51":{"start":{"line":104,"column":25},"end":{"line":104,"column":55}},"52":{"start":{"line":105,"column":26},"end":{"line":105,"column":57}},"53":{"start":{"line":107,"column":57},"end":{"line":107,"column":64}},"54":{"start":{"line":111,"column":26},"end":{"line":113,"column":25}},"55":{"start":{"line":115,"column":4},"end":{"line":115,"column":34}},"56":{"start":{"line":118,"column":0},"end":{"line":121,"column":2}}},"fnMap":{"0":{"name":"(anonymous_0)","decl":{"start":{"line":9,"column":22},"end":{"line":9,"column":23}},"loc":{"start":{"line":9,"column":40},"end":{"line":96,"column":1}},"line":9},"1":{"name":"(anonymous_1)","decl":{"start":{"line":103,"column":23},"end":{"line":103,"column":24}},"loc":{"start":{"line":103,"column":36},"end":{"line":116,"column":1}},"line":103}},"branchMap":{"0":{"loc":{"start":{"line":16,"column":8},"end":{"line":16,"column":24}},"type":"default-arg","locations":[{"start":{"line":16,"column":19},"end":{"line":16,"column":24}}],"line":16},"1":{"loc":{"start":{"line":27,"column":4},"end":{"line":30,"column":5}},"type":"if","locations":[{"start":{"line":27,"column":4},"end":{"line":30,"column":5}},{"start":{},"end":{}}],"line":27},"2":{"loc":{"start":{"line":27,"column":8},"end":{"line":27,"column":55}},"type":"binary-expr","locations":[{"start":{"line":27,"column":8},"end":{"line":27,"column":20}},{"start":{"line":27,"column":24},"end":{"line":27,"column":37}},{"start":{"line":27,"column":41},"end":{"line":27,"column":55}}],"line":27},"3":{"loc":{"start":{"line":36,"column":22},"end":{"line":36,"column":67}},"type":"cond-expr","locations":[{"start":{"line":36,"column":62},"end":{"line":36,"column":63}},{"start":{"line":36,"column":66},"end":{"line":36,"column":67}}],"line":36},"4":{"loc":{"start":{"line":41,"column":20},"end":{"line":41,"column":74}},"type":"binary-expr","locations":[{"start":{"line":41,"column":20},"end":{"line":41,"column":40}},{"start":{"line":41,"column":44},"end":{"line":41,"column":74}}],"line":41},"5":{"loc":{"start":{"line":86,"column":8},"end":{"line":91,"column":9}},"type":"if","locations":[{"start":{"line":86,"column":8},"end":{"line":91,"column":9}},{"start":{"line":88,"column":15},"end":{"line":91,"column":9}}],"line":86}},"s":{"0":0,"1":0,"2":0,"3":0,"4":0,"5":0,"6":0,"7":0,"8":0,"9":0,"10":0,"11":0,"12":0,"13":0,"14":0,"15":0,"16":0,"17":0,"18":0,"19":0,"20":0,"21":0,"22":0,"23":0,"24":0,"25":0,"26":0,"27":0,"28":0,"29":0,"30":0,"31":0,"32":0,"33":0,"34":0,"35":0,"36":0,"37":0,"38":0,"39":0,"40":0,"41":0,"42":0,"43":0,"44":0,"45":0,"46":0,"47":0,"48":0,"49":0,"50":0,"51":0,"52":0,"53":0,"54":0,"55":0,"56":0},"f":{"0":0,"1":0},"b":{"0":[0],"1":[0,0],"2":[0,0,0],"3":[0,0],"4":[0,0],"5":[0,0]}}
,"/Users/emre/Desktop/yeni projeler/xdrive/backend/services/reservationCache.js": {"path":"/Users/emre/Desktop/yeni projeler/xdrive/backend/services/reservationCache.js","statementMap":{"0":{"start":{"line":4,"column":21},"end":{"line":4,"column":30}},"1":{"start":{"line":7,"column":23},"end":{"line":11,"column":1}},"2":{"start":{"line":8,"column":14},"end":{"line":8,"column":67}},"3":{"start":{"line":9,"column":2},"end":{"line":9,"column":24}},"4":{"start":{"line":10,"column":2},"end":{"line":10,"column":53}},"5":{"start":{"line":14,"column":26},"end":{"line":24,"column":1}},"6":{"start":{"line":15,"column":2},"end":{"line":18,"column":3}},"7":{"start":{"line":16,"column":4},"end":{"line":16,"column":67}},"8":{"start":{"line":17,"column":4},"end":{"line":17,"column":11}},"9":{"start":{"line":19,"column":27},"end":{"line":19,"column":52}},"10":{"start":{"line":20,"column":28},"end":{"line":20,"column":54}},"11":{"start":{"line":21,"column":14},"end":{"line":21,"column":79}},"12":{"start":{"line":22,"column":2},"end":{"line":22,"column":27}},"13":{"start":{"line":23,"column":2},"end":{"line":23,"column":57}},"14":{"start":{"line":27,"column":22},"end":{"line":30,"column":1}},"15":{"start":{"line":28,"column":14},"end":{"line":28,"column":67}},"16":{"start":{"line":29,"column":2},"end":{"line":29,"column":31}},"17":{"start":{"line":33,"column":36},"end":{"line":57,"column":1}},"18":{"start":{"line":34,"column":19},"end":{"line":34,"column":21}},"19":{"start":{"line":35,"column":2},"end":{"line":55,"column":5}},"20":{"start":{"line":36,"column":18},"end":{"line":36,"column":32}},"21":{"start":{"line":37,"column":4},"end":{"line":54,"column":5}},"22":{"start":{"line":38,"column":28},"end":{"line":38,"column":36}},"23":{"start":{"line":39,"column":29},"end":{"line":39,"column":37}},"24":{"start":{"line":42,"column":24},"end":{"line":42,"column":47}},"25":{"start":{"line":43,"column":25},"end":{"line":43,"column":49}},"26":{"start":{"line":44,"column":26},"end":{"line":44,"column":46}},"27":{"start":{"line":45,"column":27},"end":{"line":45,"column":48}},"28":{"start":{"line":48,"column":6},"end":{"line":53,"column":7}},"29":{"start":{"line":49,"column":8},"end":{"line":52,"column":11}},"30":{"start":{"line":56,"column":2},"end":{"line":56,"column":18}},"31":{"start":{"line":60,"column":19},"end":{"line":63,"column":1}},"32":{"start":{"line":61,"column":2},"end":{"line":61,"column":23}},"33":{"start":{"line":62,"column":2},"end":{"line":62,"column":46}},"34":{"start":{"line":65,"column":0},"end":{"line":71,"column":2}}},"fnMap":{"0":{"name":"(anonymous_0)","decl":{"start":{"line":7,"column":23},"end":{"line":7,"column":24}},"loc":{"start":{"line":7,"column":71},"end":{"line":11,"column":1}},"line":7},"1":{"name":"(anonymous_1)","decl":{"start":{"line":14,"column":26},"end":{"line":14,"column":27}},"loc":{"start":{"line":14,"column":74},"end":{"line":24,"column":1}},"line":14},"2":{"name":"(anonymous_2)","decl":{"start":{"line":27,"column":22},"end":{"line":27,"column":23}},"loc":{"start":{"line":27,"column":70},"end":{"line":30,"column":1}},"line":27},"3":{"name":"(anonymous_3)","decl":{"start":{"line":33,"column":36},"end":{"line":33,"column":37}},"loc":{"start":{"line":33,"column":65},"end":{"line":57,"column":1}},"line":33},"4":{"name":"(anonymous_4)","decl":{"start":{"line":35,"column":23},"end":{"line":35,"column":24}},"loc":{"start":{"line":35,"column":30},"end":{"line":55,"column":3}},"line":35},"5":{"name":"(anonymous_5)","decl":{"start":{"line":60,"column":19},"end":{"line":60,"column":20}},"loc":{"start":{"line":60,"column":25},"end":{"line":63,"column":1}},"line":60}},"branchMap":{"0":{"loc":{"start":{"line":15,"column":2},"end":{"line":18,"column":3}},"type":"if","locations":[{"start":{"line":15,"column":2},"end":{"line":18,"column":3}},{"start":{},"end":{}}],"line":15},"1":{"loc":{"start":{"line":15,"column":6},"end":{"line":15,"column":27}},"type":"binary-expr","locations":[{"start":{"line":15,"column":6},"end":{"line":15,"column":12}},{"start":{"line":15,"column":16},"end":{"line":15,"column":27}}],"line":15},"2":{"loc":{"start":{"line":37,"column":4},"end":{"line":54,"column":5}},"type":"if","locations":[{"start":{"line":37,"column":4},"end":{"line":54,"column":5}},{"start":{},"end":{}}],"line":37},"3":{"loc":{"start":{"line":48,"column":6},"end":{"line":53,"column":7}},"type":"if","locations":[{"start":{"line":48,"column":6},"end":{"line":53,"column":7}},{"start":{},"end":{}}],"line":48},"4":{"loc":{"start":{"line":48,"column":12},"end":{"line":48,"column":66}},"type":"binary-expr","locations":[{"start":{"line":48,"column":12},"end":{"line":48,"column":37}},{"start":{"line":48,"column":41},"end":{"line":48,"column":66}}],"line":48}},"s":{"0":2,"1":2,"2":0,"3":0,"4":0,"5":2,"6":0,"7":0,"8":0,"9":0,"10":0,"11":0,"12":0,"13":0,"14":2,"15":0,"16":0,"17":2,"18":0,"19":0,"20":0,"21":0,"22":0,"23":0,"24":0,"25":0,"26":0,"27":0,"28":0,"29":0,"30":0,"31":2,"32":0,"33":0,"34":2},"f":{"0":0,"1":0,"2":0,"3":0,"4":0,"5":0},"b":{"0":[0,0],"1":[0,0],"2":[0,0],"3":[0,0],"4":[0,0]},"_coverageSchema":"1a1c01bbd47fc00a2c39e90264f33305004495a9","hash":"9a576252d7daa51849d4639f3c135d091a51811a"}
}
