TN:
SF:routes/auth.js
FN:7,(anonymous_0)
FN:12,(anonymous_1)
FNF:2
FNH:0
FNDA:0,(anonymous_0)
FNDA:0,(anonymous_1)
DA:1,2
DA:2,2
DA:7,2
DA:9,0
DA:12,2
DA:14,0
DA:17,2
LF:7
LH:5
BRF:0
BRH:0
end_of_record
TN:
SF:routes/cars.js
FN:7,(anonymous_0)
FN:93,(anonymous_1)
FN:96,(anonymous_2)
FN:103,(anonymous_3)
FN:109,(anonymous_4)
FN:115,(anonymous_5)
FN:119,(anonymous_6)
FN:124,(anonymous_7)
FN:130,(anonymous_8)
FN:149,(anonymous_9)
FN:167,(anonymous_10)
FN:184,(anonymous_11)
FN:196,(anonymous_12)
FN:237,(anonymous_13)
FNF:14
FNH:2
FNDA:0,(anonymous_0)
FNDA:0,(anonymous_1)
FNDA:0,(anonymous_2)
FNDA:0,(anonymous_3)
FNDA:0,(anonymous_4)
FNDA:0,(anonymous_5)
FNDA:0,(anonymous_6)
FNDA:0,(anonymous_7)
FNDA:0,(anonymous_8)
FNDA:1,(anonymous_9)
FNDA:1,(anonymous_10)
FNDA:0,(anonymous_11)
FNDA:0,(anonymous_12)
FNDA:0,(anonymous_13)
DA:1,2
DA:2,2
DA:3,2
DA:4,2
DA:7,2
DA:8,0
DA:25,0
DA:28,0
DA:30,0
DA:31,0
DA:32,0
DA:34,0
DA:35,0
DA:38,0
DA:39,0
DA:42,0
DA:43,0
DA:44,0
DA:45,0
DA:48,0
DA:49,0
DA:50,0
DA:51,0
DA:52,0
DA:54,0
DA:57,0
DA:58,0
DA:59,0
DA:63,0
DA:66,0
DA:70,0
DA:71,0
DA:72,0
DA:85,0
DA:92,0
DA:93,0
DA:96,0
DA:98,0
DA:99,0
DA:102,0
DA:103,0
DA:104,0
DA:108,0
DA:109,0
DA:110,0
DA:114,0
DA:115,0
DA:118,0
DA:119,0
DA:123,0
DA:124,0
DA:125,0
DA:129,0
DA:130,0
DA:131,0
DA:137,0
DA:139,0
DA:140,0
DA:141,0
DA:149,2
DA:150,1
DA:151,1
DA:155,1
DA:156,1
DA:157,1
DA:159,1
DA:161,0
DA:162,0
DA:167,2
DA:168,1
DA:169,1
DA:172,1
DA:173,1
DA:174,1
DA:176,1
DA:178,0
DA:179,0
DA:184,2
DA:185,0
DA:186,0
DA:187,0
DA:188,0
DA:191,0
DA:196,2
DA:197,0
DA:198,0
DA:201,0
DA:202,0
DA:203,0
DA:206,0
DA:207,0
DA:210,0
DA:211,0
DA:219,0
DA:220,0
DA:221,0
DA:222,0
DA:224,0
DA:237,0
DA:238,0
DA:239,0
DA:242,0
DA:243,0
DA:244,0
DA:246,0
DA:247,0
DA:250,0
DA:256,0
DA:257,0
DA:258,0
DA:259,0
DA:267,0
DA:271,2
LF:113
LH:22
BRDA:14,0,0,0
BRDA:15,1,0,0
BRDA:16,2,0,0
BRDA:17,3,0,0
BRDA:18,4,0,0
BRDA:23,5,0,0
BRDA:24,6,0,0
BRDA:28,7,0,0
BRDA:28,7,1,0
BRDA:28,8,0,0
BRDA:28,8,1,0
BRDA:28,8,2,0
BRDA:28,8,3,0
BRDA:34,9,0,0
BRDA:34,9,1,0
BRDA:38,10,0,0
BRDA:38,10,1,0
BRDA:42,11,0,0
BRDA:42,11,1,0
BRDA:42,12,0,0
BRDA:42,12,1,0
BRDA:44,13,0,0
BRDA:44,13,1,0
BRDA:45,14,0,0
BRDA:45,14,1,0
BRDA:49,15,0,0
BRDA:49,15,1,0
BRDA:50,16,0,0
BRDA:50,16,1,0
BRDA:51,17,0,0
BRDA:51,17,1,0
BRDA:52,18,0,0
BRDA:52,18,1,0
BRDA:58,19,0,0
BRDA:58,19,1,0
BRDA:58,20,0,0
BRDA:58,20,1,0
BRDA:86,21,0,0
BRDA:86,21,1,0
BRDA:102,22,0,0
BRDA:102,22,1,0
BRDA:108,23,0,0
BRDA:108,23,1,0
BRDA:114,24,0,0
BRDA:114,24,1,0
BRDA:118,25,0,0
BRDA:118,25,1,0
BRDA:123,26,0,0
BRDA:123,26,1,0
BRDA:125,27,0,0
BRDA:125,27,1,0
BRDA:129,28,0,0
BRDA:129,28,1,0
BRDA:131,29,0,0
BRDA:131,29,1,0
BRDA:142,30,0,0
BRDA:142,30,1,0
BRDA:206,31,0,0
BRDA:206,31,1,0
BRDA:210,32,0,0
BRDA:210,32,1,0
BRDA:219,33,0,0
BRDA:219,33,1,0
BRDA:219,34,0,0
BRDA:219,34,1,0
BRDA:219,34,2,0
BRDA:219,34,3,0
BRDA:219,34,4,0
BRDA:229,35,0,0
BRDA:229,35,1,0
BRDA:230,36,0,0
BRDA:230,36,1,0
BRDA:231,37,0,0
BRDA:231,37,1,0
BRDA:232,38,0,0
BRDA:232,38,1,0
BRDA:233,39,0,0
BRDA:233,39,1,0
BRDA:238,40,0,0
BRDA:238,40,1,0
BRDA:238,40,2,0
BRDA:238,40,3,0
BRDA:238,40,4,0
BRDA:239,41,0,0
BRDA:239,41,1,0
BRDA:242,42,0,0
BRDA:242,42,1,0
BRDA:262,43,0,0
BRDA:262,43,1,0
BRF:89
BRH:0
end_of_record
TN:
SF:routes/images.js
FN:6,(anonymous_0)
FN:20,(anonymous_1)
FN:42,(anonymous_2)
FNF:3
FNH:0
FNDA:0,(anonymous_0)
FNDA:0,(anonymous_1)
FNDA:0,(anonymous_2)
DA:1,0
DA:2,0
DA:3,0
DA:6,0
DA:7,0
DA:8,0
DA:10,0
DA:11,0
DA:15,0
DA:16,0
DA:19,0
DA:20,0
DA:21,0
DA:22,0
DA:23,0
DA:27,0
DA:28,0
DA:30,0
DA:32,0
DA:43,0
DA:47,0
DA:50,0
DA:51,0
DA:54,0
DA:55,0
DA:56,0
DA:57,0
DA:58,0
DA:61,0
DA:63,0
DA:64,0
DA:72,0
DA:73,0
DA:74,0
DA:75,0
DA:77,0
DA:81,0
DA:82,0
DA:86,0
LF:39
LH:0
BRDA:10,0,0,0
BRDA:10,0,1,0
BRDA:21,1,0,0
BRDA:21,1,1,0
BRDA:43,2,0,0
BRDA:43,2,1,0
BRDA:50,3,0,0
BRDA:50,3,1,0
BRDA:72,4,0,0
BRDA:72,4,1,0
BRDA:72,5,0,0
BRDA:72,5,1,0
BRDA:74,6,0,0
BRDA:74,6,1,0
BRF:14
BRH:0
end_of_record
TN:
SF:routes/payments.js
FN:6,(anonymous_0)
FN:27,(anonymous_1)
FN:69,(anonymous_2)
FNF:3
FNH:0
FNDA:0,(anonymous_0)
FNDA:0,(anonymous_1)
FNDA:0,(anonymous_2)
DA:1,0
DA:2,0
DA:3,0
DA:6,0
DA:7,0
DA:8,0
DA:10,0
DA:11,0
DA:14,0
DA:16,0
DA:18,0
DA:19,0
DA:24,0
DA:27,0
DA:28,0
DA:35,0
DA:38,0
DA:39,0
DA:41,0
DA:44,0
DA:47,0
DA:49,0
DA:61,0
DA:63,0
DA:64,0
DA:69,0
DA:70,0
DA:72,0
DA:74,0
DA:75,0
DA:76,0
DA:79,0
DA:81,0
DA:83,0
DA:93,0
DA:97,0
DA:99,0
DA:100,0
DA:104,0
LF:39
LH:0
BRDA:10,0,0,0
BRDA:10,0,1,0
BRDA:38,1,0,0
BRDA:38,1,1,0
BRDA:38,1,2,0
BRDA:39,2,0,0
BRDA:39,2,1,0
BRDA:41,3,0,0
BRDA:41,3,1,0
BRDA:44,4,0,0
BRDA:44,4,1,0
BRDA:51,5,0,0
BRDA:51,5,1,0
BRDA:57,6,0,0
BRDA:57,6,1,0
BRDA:74,7,0,0
BRDA:74,7,1,0
BRDA:83,8,0,0
BRDA:83,8,1,0
BRF:19
BRH:0
end_of_record
TN:
SF:routes/reservations.js
FN:7,(anonymous_0)
FN:417,(anonymous_1)
FN:442,(anonymous_2)
FN:463,(anonymous_3)
FN:539,(anonymous_4)
FNF:5
FNH:0
FNDA:0,(anonymous_0)
FNDA:0,(anonymous_1)
FNDA:0,(anonymous_2)
FNDA:0,(anonymous_3)
FNDA:0,(anonymous_4)
DA:1,2
DA:2,2
DA:3,2
DA:4,2
DA:7,2
DA:8,0
DA:28,0
DA:32,0
DA:33,0
DA:35,0
DA:36,0
DA:46,0
DA:49,0
DA:59,0
DA:63,0
DA:64,0
DA:65,0
DA:66,0
DA:69,0
DA:73,0
DA:74,0
DA:78,0
DA:79,0
DA:81,0
DA:82,0
DA:86,0
DA:89,0
DA:90,0
DA:92,0
DA:98,0
DA:99,0
DA:100,0
DA:101,0
DA:102,0
DA:103,0
DA:109,0
DA:110,0
DA:111,0
DA:116,0
DA:119,0
DA:122,0
DA:126,0
DA:129,0
DA:130,0
DA:131,0
DA:135,0
DA:136,0
DA:137,0
DA:140,0
DA:141,0
DA:142,0
DA:143,0
DA:145,0
DA:146,0
DA:147,0
DA:149,0
DA:150,0
DA:151,0
DA:154,0
DA:155,0
DA:156,0
DA:157,0
DA:158,0
DA:159,0
DA:161,0
DA:162,0
DA:163,0
DA:164,0
DA:166,0
DA:182,0
DA:184,0
DA:185,0
DA:186,0
DA:187,0
DA:190,0
DA:191,0
DA:192,0
DA:193,0
DA:195,0
DA:196,0
DA:197,0
DA:198,0
DA:202,0
DA:212,0
DA:249,0
DA:256,0
DA:257,0
DA:259,0
DA:260,0
DA:261,0
DA:262,0
DA:265,0
DA:266,0
DA:267,0
DA:268,0
DA:269,0
DA:272,0
DA:279,0
DA:280,0
DA:281,0
DA:284,0
DA:285,0
DA:286,0
DA:289,0
DA:290,0
DA:291,0
DA:292,0
DA:296,0
DA:299,0
DA:300,0
DA:301,0
DA:302,0
DA:303,0
DA:305,0
DA:306,0
DA:307,0
DA:308,0
DA:312,0
DA:313,0
DA:314,0
DA:316,0
DA:321,0
DA:322,0
DA:323,0
DA:327,0
DA:328,0
DA:329,0
DA:330,0
DA:349,0
DA:350,0
DA:351,0
DA:354,0
DA:358,0
DA:362,0
DA:388,0
DA:389,0
DA:390,0
DA:393,0
DA:395,0
DA:396,0
DA:397,0
DA:398,0
DA:401,0
DA:402,0
DA:405,0
DA:406,0
DA:409,0
DA:417,2
DA:418,0
DA:419,0
DA:420,0
DA:421,0
DA:425,0
DA:426,0
DA:433,0
DA:437,0
DA:442,2
DA:443,0
DA:444,0
DA:445,0
DA:446,0
DA:452,0
DA:455,0
DA:458,0
DA:463,2
DA:464,0
DA:465,0
DA:466,0
DA:467,0
DA:468,0
DA:475,0
DA:478,0
DA:479,0
DA:480,0
DA:483,0
DA:484,0
DA:487,0
DA:492,0
DA:495,0
DA:499,0
DA:500,0
DA:501,0
DA:503,0
DA:504,0
DA:508,0
DA:509,0
DA:510,0
DA:512,0
DA:518,0
DA:519,0
DA:522,0
DA:525,0
DA:528,0
DA:529,0
DA:530,0
DA:532,0
DA:534,0
DA:539,2
DA:540,0
DA:541,0
DA:542,0
DA:543,0
DA:544,0
DA:548,0
DA:549,0
DA:550,0
DA:551,0
DA:552,0
DA:559,0
DA:563,0
DA:567,2
LF:211
LH:10
BRDA:21,0,0,0
BRDA:33,1,0,0
BRDA:33,1,1,0
BRDA:44,2,0,0
BRDA:44,2,1,0
BRDA:44,2,2,0
BRDA:57,3,0,0
BRDA:57,3,1,0
BRDA:57,3,2,0
BRDA:73,4,0,0
BRDA:73,4,1,0
BRDA:73,5,0,0
BRDA:73,5,1,0
BRDA:81,6,0,0
BRDA:81,6,1,0
BRDA:86,7,0,0
BRDA:86,7,1,0
BRDA:90,8,0,0
BRDA:90,8,1,0
BRDA:99,9,0,0
BRDA:99,9,1,0
BRDA:99,10,0,0
BRDA:99,10,1,0
BRDA:99,10,2,0
BRDA:100,11,0,0
BRDA:100,11,1,0
BRDA:101,12,0,0
BRDA:101,12,1,0
BRDA:101,13,0,0
BRDA:101,13,1,0
BRDA:109,14,0,0
BRDA:109,14,1,0
BRDA:109,15,0,0
BRDA:109,15,1,0
BRDA:110,16,0,0
BRDA:110,16,1,0
BRDA:110,16,2,0
BRDA:110,16,3,0
BRDA:116,17,0,0
BRDA:116,17,1,0
BRDA:119,18,0,0
BRDA:119,18,1,0
BRDA:122,19,0,0
BRDA:122,19,1,0
BRDA:126,20,0,0
BRDA:126,20,1,0
BRDA:140,21,0,0
BRDA:140,21,1,0
BRDA:141,22,0,0
BRDA:141,22,1,0
BRDA:142,23,0,0
BRDA:142,23,1,0
BRDA:142,23,2,0
BRDA:142,23,3,0
BRDA:143,24,0,0
BRDA:143,24,1,0
BRDA:145,25,0,0
BRDA:145,25,1,0
BRDA:146,26,0,0
BRDA:146,26,1,0
BRDA:146,26,2,0
BRDA:146,26,3,0
BRDA:147,27,0,0
BRDA:147,27,1,0
BRDA:149,28,0,0
BRDA:149,28,1,0
BRDA:150,29,0,0
BRDA:150,29,1,0
BRDA:150,29,2,0
BRDA:150,29,3,0
BRDA:151,30,0,0
BRDA:151,30,1,0
BRDA:155,31,0,0
BRDA:155,31,1,0
BRDA:156,32,0,0
BRDA:156,32,1,0
BRDA:157,33,0,0
BRDA:157,33,1,0
BRDA:158,34,0,0
BRDA:158,34,1,0
BRDA:159,35,0,0
BRDA:159,35,1,0
BRDA:161,36,0,0
BRDA:161,36,1,0
BRDA:190,37,0,0
BRDA:190,37,1,0
BRDA:195,38,0,0
BRDA:195,38,1,0
BRDA:229,39,0,0
BRDA:229,39,1,0
BRDA:230,40,0,0
BRDA:230,40,1,0
BRDA:231,41,0,0
BRDA:231,41,1,0
BRDA:232,42,0,0
BRDA:232,42,1,0
BRDA:233,43,0,0
BRDA:233,43,1,0
BRDA:234,44,0,0
BRDA:234,44,1,0
BRDA:234,44,2,0
BRDA:235,45,0,0
BRDA:235,45,1,0
BRDA:236,46,0,0
BRDA:236,46,1,0
BRDA:237,47,0,0
BRDA:237,47,1,0
BRDA:238,48,0,0
BRDA:238,48,1,0
BRDA:239,49,0,0
BRDA:239,49,1,0
BRDA:240,50,0,0
BRDA:240,50,1,0
BRDA:241,51,0,0
BRDA:241,51,1,0
BRDA:244,52,0,0
BRDA:244,52,1,0
BRDA:245,53,0,0
BRDA:245,53,1,0
BRDA:245,54,0,0
BRDA:245,54,1,0
BRDA:259,55,0,0
BRDA:259,55,1,0
BRDA:259,56,0,0
BRDA:259,56,1,0
BRDA:261,57,0,0
BRDA:261,57,1,0
BRDA:261,57,2,0
BRDA:262,58,0,0
BRDA:262,58,1,0
BRDA:265,59,0,0
BRDA:265,59,1,0
BRDA:265,59,2,0
BRDA:266,60,0,0
BRDA:266,60,1,0
BRDA:266,61,0,0
BRDA:266,61,1,0
BRDA:279,62,0,0
BRDA:279,62,1,0
BRDA:279,63,0,0
BRDA:279,63,1,0
BRDA:280,64,0,0
BRDA:280,64,1,0
BRDA:280,64,2,0
BRDA:281,65,0,0
BRDA:281,65,1,0
BRDA:284,66,0,0
BRDA:284,66,1,0
BRDA:289,67,0,0
BRDA:289,67,1,0
BRDA:289,68,0,0
BRDA:289,68,1,0
BRDA:296,69,0,0
BRDA:296,69,1,0
BRDA:296,70,0,0
BRDA:296,70,1,0
BRDA:296,70,2,0
BRDA:296,70,3,0
BRDA:296,70,4,0
BRDA:313,71,0,0
BRDA:313,71,1,0
BRDA:336,72,0,0
BRDA:336,72,1,0
BRDA:341,73,0,0
BRDA:341,73,1,0
BRDA:341,73,2,0
BRDA:342,74,0,0
BRDA:342,74,1,0
BRDA:344,75,0,0
BRDA:344,75,1,0
BRDA:350,76,0,0
BRDA:350,76,1,0
BRDA:358,77,0,0
BRDA:358,77,1,0
BRDA:364,78,0,0
BRDA:364,78,1,0
BRDA:369,79,0,0
BRDA:369,79,1,0
BRDA:374,80,0,0
BRDA:374,80,1,0
BRDA:374,80,2,0
BRDA:375,81,0,0
BRDA:375,81,1,0
BRDA:378,82,0,0
BRDA:378,82,1,0
BRDA:384,83,0,0
BRDA:384,83,1,0
BRDA:388,84,0,0
BRDA:388,84,1,0
BRDA:388,85,0,0
BRDA:388,85,1,0
BRDA:401,86,0,0
BRDA:401,86,1,0
BRDA:405,87,0,0
BRDA:405,87,1,0
BRDA:405,88,0,0
BRDA:405,88,1,0
BRDA:411,89,0,0
BRDA:411,89,1,0
BRDA:425,90,0,0
BRDA:425,90,1,0
BRDA:475,91,0,0
BRDA:475,91,1,0
BRDA:478,92,0,0
BRDA:478,92,1,0
BRDA:478,93,0,0
BRDA:478,93,1,0
BRDA:483,94,0,0
BRDA:483,94,1,0
BRDA:483,95,0,0
BRDA:483,95,1,0
BRDA:483,95,2,0
BRDA:483,95,3,0
BRDA:503,96,0,0
BRDA:503,96,1,0
BRDA:508,97,0,0
BRDA:508,97,1,0
BRDA:508,98,0,0
BRDA:508,98,1,0
BRDA:518,99,0,0
BRDA:518,99,1,0
BRDA:518,100,0,0
BRDA:518,100,1,0
BRDA:519,101,0,0
BRDA:519,101,1,0
BRDA:522,102,0,0
BRDA:522,102,1,0
BRDA:548,103,0,0
BRDA:548,103,1,0
BRF:229
BRH:0
end_of_record
TN:
SF:services/carService.js
FN:21,(anonymous_0)
FN:30,(anonymous_1)
FN:95,(anonymous_2)
FN:233,(anonymous_3)
FN:241,(anonymous_4)
FN:292,(anonymous_5)
FN:295,(anonymous_6)
FN:298,(anonymous_7)
FN:325,(anonymous_8)
FN:334,(anonymous_9)
FN:345,(anonymous_10)
FN:376,(anonymous_11)
FN:445,(anonymous_12)
FN:491,(anonymous_13)
FN:522,(anonymous_14)
FN:534,(anonymous_15)
FN:548,(anonymous_16)
FN:591,(anonymous_17)
FN:619,(anonymous_18)
FN:636,(anonymous_19)
FN:650,(anonymous_20)
FN:748,(anonymous_21)
FN:761,(anonymous_22)
FN:774,(anonymous_23)
FN:787,(anonymous_24)
FN:800,(anonymous_25)
FN:813,(anonymous_26)
FN:852,(anonymous_27)
FN:887,(anonymous_28)
FN:922,(anonymous_29)
FNF:30
FNH:2
FNDA:0,(anonymous_0)
FNDA:0,(anonymous_1)
FNDA:0,(anonymous_2)
FNDA:0,(anonymous_3)
FNDA:0,(anonymous_4)
FNDA:0,(anonymous_5)
FNDA:0,(anonymous_6)
FNDA:0,(anonymous_7)
FNDA:0,(anonymous_8)
FNDA:0,(anonymous_9)
FNDA:0,(anonymous_10)
FNDA:0,(anonymous_11)
FNDA:0,(anonymous_12)
FNDA:0,(anonymous_13)
FNDA:0,(anonymous_14)
FNDA:0,(anonymous_15)
FNDA:0,(anonymous_16)
FNDA:0,(anonymous_17)
FNDA:0,(anonymous_18)
FNDA:0,(anonymous_19)
FNDA:0,(anonymous_20)
FNDA:0,(anonymous_21)
FNDA:0,(anonymous_22)
FNDA:0,(anonymous_23)
FNDA:0,(anonymous_24)
FNDA:0,(anonymous_25)
FNDA:0,(anonymous_26)
FNDA:1,(anonymous_27)
FNDA:1,(anonymous_28)
FNDA:0,(anonymous_29)
DA:1,2
DA:2,2
DA:3,2
DA:4,2
DA:7,2
DA:14,2
DA:21,2
DA:22,0
DA:24,0
DA:26,0
DA:27,0
DA:28,0
DA:29,0
DA:30,0
DA:31,0
DA:32,0
DA:33,0
DA:35,0
DA:36,0
DA:38,0
DA:46,0
DA:47,0
DA:48,0
DA:53,0
DA:56,0
DA:60,0
DA:63,0
DA:76,0
DA:77,0
DA:79,0
DA:80,0
DA:81,0
DA:83,0
DA:88,0
DA:90,0
DA:91,0
DA:92,0
DA:95,0
DA:97,0
DA:100,0
DA:101,0
DA:102,0
DA:103,0
DA:105,0
DA:124,0
DA:126,0
DA:129,0
DA:130,0
DA:131,0
DA:132,0
DA:133,0
DA:134,0
DA:136,0
DA:145,0
DA:146,0
DA:147,0
DA:151,0
DA:170,0
DA:171,0
DA:172,0
DA:173,0
DA:174,0
DA:175,0
DA:176,0
DA:182,0
DA:197,0
DA:198,0
DA:199,0
DA:200,0
DA:201,0
DA:202,0
DA:203,0
DA:208,0
DA:209,0
DA:213,0
DA:214,0
DA:215,0
DA:224,0
DA:225,0
DA:226,0
DA:227,0
DA:228,0
DA:229,0
DA:231,0
DA:232,0
DA:233,0
DA:234,0
DA:240,0
DA:241,0
DA:242,0
DA:245,0
DA:246,0
DA:254,0
DA:255,0
DA:256,0
DA:259,0
DA:260,0
DA:261,0
DA:269,0
DA:277,0
DA:286,0
DA:287,0
DA:288,0
DA:289,0
DA:292,0
DA:293,0
DA:295,0
DA:296,0
DA:298,0
DA:299,0
DA:302,0
DA:303,0
DA:304,0
DA:309,0
DA:310,0
DA:319,0
DA:320,0
DA:321,0
DA:323,0
DA:325,0
DA:326,0
DA:327,0
DA:328,0
DA:332,0
DA:334,0
DA:335,0
DA:337,0
DA:338,0
DA:339,0
DA:343,0
DA:345,0
DA:346,0
DA:347,0
DA:348,0
DA:352,0
DA:378,0
DA:382,0
DA:383,0
DA:384,0
DA:387,0
DA:389,0
DA:390,0
DA:391,0
DA:393,0
DA:394,0
DA:395,0
DA:397,0
DA:402,0
DA:404,0
DA:405,0
DA:406,0
DA:407,0
DA:408,0
DA:411,0
DA:416,0
DA:417,0
DA:422,0
DA:432,0
DA:433,0
DA:434,0
DA:435,0
DA:436,0
DA:444,0
DA:445,0
DA:446,0
DA:458,0
DA:459,0
DA:466,0
DA:469,0
DA:471,0
DA:472,0
DA:473,0
DA:475,0
DA:476,0
DA:477,0
DA:479,0
DA:484,0
DA:486,0
DA:487,0
DA:488,0
DA:489,0
DA:490,0
DA:491,0
DA:494,0
DA:500,0
DA:501,0
DA:502,0
DA:505,0
DA:512,0
DA:513,0
DA:514,0
DA:522,0
DA:526,0
DA:527,0
DA:528,0
DA:534,0
DA:538,0
DA:539,0
DA:540,0
DA:548,0
DA:552,0
DA:553,0
DA:554,0
DA:555,0
DA:556,0
DA:557,0
DA:558,0
DA:560,0
DA:564,0
DA:565,0
DA:566,0
DA:567,0
DA:575,0
DA:592,0
DA:593,0
DA:594,0
DA:595,0
DA:601,0
DA:620,0
DA:621,0
DA:624,0
DA:625,0
DA:628,0
DA:629,0
DA:630,0
DA:631,0
DA:632,0
DA:635,0
DA:636,0
DA:637,0
DA:638,0
DA:639,0
DA:641,0
DA:644,0
DA:645,0
DA:647,0
DA:648,0
DA:650,0
DA:651,0
DA:654,0
DA:657,0
DA:658,0
DA:670,0
DA:672,0
DA:680,0
DA:681,0
DA:682,0
DA:683,0
DA:684,0
DA:686,0
DA:687,0
DA:688,0
DA:689,0
DA:690,0
DA:692,0
DA:693,0
DA:694,0
DA:695,0
DA:696,0
DA:698,0
DA:699,0
DA:700,0
DA:701,0
DA:702,0
DA:704,0
DA:705,0
DA:706,0
DA:707,0
DA:708,0
DA:710,0
DA:711,0
DA:712,0
DA:713,0
DA:714,0
DA:716,0
DA:717,0
DA:718,0
DA:719,0
DA:720,0
DA:723,0
DA:724,0
DA:728,0
DA:729,0
DA:735,0
DA:736,0
DA:737,0
DA:740,0
DA:741,0
DA:747,0
DA:749,0
DA:750,0
DA:751,0
DA:752,0
DA:754,0
DA:759,0
DA:762,0
DA:763,0
DA:764,0
DA:765,0
DA:767,0
DA:772,0
DA:775,0
DA:776,0
DA:777,0
DA:778,0
DA:780,0
DA:785,0
DA:788,0
DA:789,0
DA:790,0
DA:791,0
DA:793,0
DA:798,0
DA:801,0
DA:802,0
DA:803,0
DA:804,0
DA:806,0
DA:811,0
DA:814,0
DA:815,0
DA:816,0
DA:817,0
DA:819,0
DA:824,0
DA:834,0
DA:838,0
DA:840,0
DA:841,0
DA:843,0
DA:844,0
DA:846,0
DA:852,2
DA:853,1
DA:855,1
DA:856,1
DA:858,0
DA:859,0
DA:863,1
DA:864,1
DA:865,1
DA:868,1
DA:869,1
DA:870,1
DA:872,1
DA:874,0
DA:877,0
DA:878,0
DA:879,0
DA:882,0
DA:887,2
DA:888,1
DA:890,1
DA:891,1
DA:893,0
DA:894,0
DA:898,1
DA:899,1
DA:900,1
DA:903,1
DA:904,1
DA:905,1
DA:907,1
DA:909,0
DA:912,0
DA:913,0
DA:914,0
DA:917,0
DA:922,2
DA:923,0
DA:924,0
DA:928,0
DA:929,0
DA:936,0
DA:938,0
DA:939,0
DA:943,2
LF:377
LH:31
BRDA:21,0,0,0
BRDA:24,1,0,0
BRDA:24,1,1,0
BRDA:24,2,0,0
BRDA:24,2,1,0
BRDA:24,2,2,0
BRDA:24,2,3,0
BRDA:29,3,0,0
BRDA:29,3,1,0
BRDA:29,4,0,0
BRDA:29,4,1,0
BRDA:32,5,0,0
BRDA:32,5,1,0
BRDA:32,5,2,0
BRDA:33,6,0,0
BRDA:33,6,1,0
BRDA:33,7,0,0
BRDA:33,7,1,0
BRDA:39,8,0,0
BRDA:39,8,1,0
BRDA:39,8,2,0
BRDA:40,9,0,0
BRDA:40,9,1,0
BRDA:40,9,2,0
BRDA:41,10,0,0
BRDA:41,10,1,0
BRDA:41,10,2,0
BRDA:42,11,0,0
BRDA:42,11,1,0
BRDA:42,11,2,0
BRDA:42,11,3,0
BRDA:47,12,0,0
BRDA:47,12,1,0
BRDA:68,13,0,0
BRDA:68,13,1,0
BRDA:69,14,0,0
BRDA:69,14,1,0
BRDA:70,15,0,0
BRDA:70,15,1,0
BRDA:71,16,0,0
BRDA:71,16,1,0
BRDA:77,17,0,0
BRDA:77,17,1,0
BRDA:79,18,0,0
BRDA:79,18,1,0
BRDA:88,19,0,0
BRDA:88,19,1,0
BRDA:90,20,0,0
BRDA:90,20,1,0
BRDA:90,21,0,0
BRDA:90,21,1,0
BRDA:91,22,0,0
BRDA:91,22,1,0
BRDA:100,23,0,0
BRDA:100,23,1,0
BRDA:124,24,0,0
BRDA:124,24,1,0
BRDA:124,24,2,0
BRDA:126,25,0,0
BRDA:126,25,1,0
BRDA:126,25,2,0
BRDA:126,25,3,0
BRDA:129,26,0,0
BRDA:129,26,1,0
BRDA:133,27,0,0
BRDA:133,27,1,0
BRDA:145,28,0,0
BRDA:145,28,1,0
BRDA:145,28,2,0
BRDA:145,28,3,0
BRDA:145,28,4,0
BRDA:146,29,0,0
BRDA:146,29,1,0
BRDA:146,29,2,0
BRDA:146,29,3,0
BRDA:146,29,4,0
BRDA:146,29,5,0
BRDA:146,29,6,0
BRDA:146,29,7,0
BRDA:146,29,8,0
BRDA:146,29,9,0
BRDA:147,30,0,0
BRDA:147,30,1,0
BRDA:147,30,2,0
BRDA:147,30,3,0
BRDA:147,30,4,0
BRDA:172,31,0,0
BRDA:172,31,1,0
BRDA:172,32,0,0
BRDA:172,32,1,0
BRDA:172,32,2,0
BRDA:174,33,0,0
BRDA:174,33,1,0
BRDA:174,34,0,0
BRDA:174,34,1,0
BRDA:199,35,0,0
BRDA:199,35,1,0
BRDA:199,36,0,0
BRDA:199,36,1,0
BRDA:199,36,2,0
BRDA:201,37,0,0
BRDA:201,37,1,0
BRDA:201,38,0,0
BRDA:201,38,1,0
BRDA:215,39,0,0
BRDA:215,39,1,0
BRDA:215,40,0,0
BRDA:215,40,1,0
BRDA:224,41,0,0
BRDA:224,41,1,0
BRDA:231,42,0,0
BRDA:231,42,1,0
BRDA:234,43,0,0
BRDA:234,43,1,0
BRDA:234,43,2,0
BRDA:234,43,3,0
BRDA:234,43,4,0
BRDA:240,44,0,0
BRDA:240,44,1,0
BRDA:254,45,0,0
BRDA:254,45,1,0
BRDA:254,45,2,0
BRDA:254,45,3,0
BRDA:254,45,4,0
BRDA:254,45,5,0
BRDA:254,45,6,0
BRDA:255,46,0,0
BRDA:255,46,1,0
BRDA:255,46,2,0
BRDA:255,46,3,0
BRDA:255,46,4,0
BRDA:255,46,5,0
BRDA:255,46,6,0
BRDA:256,47,0,0
BRDA:256,47,1,0
BRDA:256,47,2,0
BRDA:256,47,3,0
BRDA:256,47,4,0
BRDA:256,47,5,0
BRDA:256,47,6,0
BRDA:256,47,7,0
BRDA:259,48,0,0
BRDA:259,48,1,0
BRDA:286,49,0,0
BRDA:286,49,1,0
BRDA:286,50,0,0
BRDA:286,50,1,0
BRDA:286,50,2,0
BRDA:293,51,0,0
BRDA:293,51,1,0
BRDA:293,51,2,0
BRDA:293,51,3,0
BRDA:296,52,0,0
BRDA:296,52,1,0
BRDA:309,53,0,0
BRDA:309,53,1,0
BRDA:309,54,0,0
BRDA:309,54,1,0
BRDA:309,54,2,0
BRDA:323,55,0,0
BRDA:323,55,1,0
BRDA:326,56,0,0
BRDA:326,56,1,0
BRDA:332,57,0,0
BRDA:332,57,1,0
BRDA:335,58,0,0
BRDA:335,58,1,0
BRDA:337,59,0,0
BRDA:337,59,1,0
BRDA:343,60,0,0
BRDA:343,60,1,0
BRDA:346,61,0,0
BRDA:346,61,1,0
BRDA:353,62,0,0
BRDA:353,62,1,0
BRDA:361,63,0,0
BRDA:361,63,1,0
BRDA:361,63,2,0
BRDA:361,63,3,0
BRDA:361,63,4,0
BRDA:361,63,5,0
BRDA:362,64,0,0
BRDA:362,64,1,0
BRDA:362,64,2,0
BRDA:362,64,3,0
BRDA:362,65,0,0
BRDA:362,65,1,0
BRDA:362,66,0,0
BRDA:362,66,1,0
BRDA:363,67,0,0
BRDA:363,67,1,0
BRDA:363,67,2,0
BRDA:363,67,3,0
BRDA:364,68,0,0
BRDA:364,68,1,0
BRDA:364,68,2,0
BRDA:364,68,3,0
BRDA:365,69,0,0
BRDA:365,69,1,0
BRDA:365,69,2,0
BRDA:365,69,3,0
BRDA:365,69,4,0
BRDA:365,69,5,0
BRDA:366,70,0,0
BRDA:366,70,1,0
BRDA:366,70,2,0
BRDA:366,70,3,0
BRDA:366,70,4,0
BRDA:366,70,5,0
BRDA:367,71,0,0
BRDA:367,71,1,0
BRDA:367,71,2,0
BRDA:367,71,3,0
BRDA:367,71,4,0
BRDA:370,72,0,0
BRDA:370,72,1,0
BRDA:370,72,2,0
BRDA:378,73,0,0
BRDA:378,73,1,0
BRDA:378,73,2,0
BRDA:378,73,3,0
BRDA:378,73,4,0
BRDA:383,74,0,0
BRDA:383,74,1,0
BRDA:383,75,0,0
BRDA:383,75,1,0
BRDA:383,75,2,0
BRDA:383,75,3,0
BRDA:387,76,0,0
BRDA:387,76,1,0
BRDA:387,77,0,0
BRDA:387,77,1,0
BRDA:391,78,0,0
BRDA:391,78,1,0
BRDA:391,79,0,0
BRDA:391,79,1,0
BRDA:395,80,0,0
BRDA:395,80,1,0
BRDA:404,81,0,0
BRDA:404,81,1,0
BRDA:416,82,0,0
BRDA:416,82,1,0
BRDA:432,83,0,0
BRDA:432,83,1,0
BRDA:434,84,0,0
BRDA:434,84,1,0
BRDA:446,85,0,0
BRDA:446,85,1,0
BRDA:446,85,2,0
BRDA:446,85,3,0
BRDA:446,85,4,0
BRDA:446,85,5,0
BRDA:446,85,6,0
BRDA:459,86,0,0
BRDA:459,86,1,0
BRDA:459,87,0,0
BRDA:459,87,1,0
BRDA:459,87,2,0
BRDA:459,87,3,0
BRDA:459,87,4,0
BRDA:459,87,5,0
BRDA:469,88,0,0
BRDA:469,88,1,0
BRDA:469,89,0,0
BRDA:469,89,1,0
BRDA:473,90,0,0
BRDA:473,90,1,0
BRDA:473,91,0,0
BRDA:473,91,1,0
BRDA:477,92,0,0
BRDA:477,92,1,0
BRDA:486,93,0,0
BRDA:486,93,1,0
BRDA:500,94,0,0
BRDA:500,94,1,0
BRDA:500,94,2,0
BRDA:500,94,3,0
BRDA:501,95,0,0
BRDA:501,95,1,0
BRDA:501,95,2,0
BRDA:501,95,3,0
BRDA:502,96,0,0
BRDA:502,96,1,0
BRDA:502,96,2,0
BRDA:512,97,0,0
BRDA:512,97,1,0
BRDA:526,98,0,0
BRDA:526,98,1,0
BRDA:538,99,0,0
BRDA:538,99,1,0
BRDA:552,100,0,0
BRDA:552,100,1,0
BRDA:553,101,0,0
BRDA:553,101,1,0
BRDA:564,102,0,0
BRDA:564,102,1,0
BRDA:582,103,0,0
BRDA:582,103,1,0
BRDA:582,103,2,0
BRDA:583,104,0,0
BRDA:583,104,1,0
BRDA:583,104,2,0
BRDA:583,104,3,0
BRDA:583,104,4,0
BRDA:584,105,0,0
BRDA:584,105,1,0
BRDA:584,105,2,0
BRDA:584,105,3,0
BRDA:584,105,4,0
BRDA:585,106,0,0
BRDA:585,106,1,0
BRDA:585,106,2,0
BRDA:587,107,0,0
BRDA:587,107,1,0
BRDA:587,107,2,0
BRDA:589,108,0,0
BRDA:589,108,1,0
BRDA:589,108,2,0
BRDA:590,109,0,0
BRDA:590,109,1,0
BRDA:590,109,2,0
BRDA:592,110,0,0
BRDA:592,110,1,0
BRDA:593,111,0,0
BRDA:593,111,1,0
BRDA:593,112,0,0
BRDA:593,112,1,0
BRDA:593,112,2,0
BRDA:594,113,0,0
BRDA:594,113,1,0
BRDA:595,114,0,0
BRDA:595,114,1,0
BRDA:603,115,0,0
BRDA:603,115,1,0
BRDA:603,115,2,0
BRDA:603,115,3,0
BRDA:604,116,0,0
BRDA:604,116,1,0
BRDA:605,117,0,0
BRDA:605,117,1,0
BRDA:606,118,0,0
BRDA:606,118,1,0
BRDA:607,119,0,0
BRDA:607,119,1,0
BRDA:608,120,0,0
BRDA:608,120,1,0
BRDA:609,121,0,0
BRDA:609,121,1,0
BRDA:610,122,0,0
BRDA:610,122,1,0
BRDA:611,123,0,0
BRDA:611,123,1,0
BRDA:612,124,0,0
BRDA:612,124,1,0
BRDA:612,124,2,0
BRDA:612,124,3,0
BRDA:613,125,0,0
BRDA:613,125,1,0
BRDA:613,125,2,0
BRDA:613,125,3,0
BRDA:614,126,0,0
BRDA:614,126,1,0
BRDA:614,126,2,0
BRDA:614,126,3,0
BRDA:614,126,4,0
BRDA:614,126,5,0
BRDA:620,127,0,0
BRDA:620,127,1,0
BRDA:620,127,2,0
BRDA:621,128,0,0
BRDA:621,128,1,0
BRDA:621,128,2,0
BRDA:628,129,0,0
BRDA:628,129,1,0
BRDA:631,130,0,0
BRDA:631,130,1,0
BRDA:635,131,0,0
BRDA:635,131,1,0
BRDA:635,132,0,0
BRDA:635,132,1,0
BRDA:637,133,0,0
BRDA:637,133,1,0
BRDA:637,134,0,0
BRDA:637,134,1,0
BRDA:638,135,0,0
BRDA:638,135,1,0
BRDA:638,136,0,0
BRDA:638,136,1,0
BRDA:645,137,0,0
BRDA:645,137,1,0
BRDA:647,138,0,0
BRDA:647,138,1,0
BRDA:651,139,0,0
BRDA:651,139,1,0
BRDA:657,140,0,0
BRDA:657,140,1,0
BRDA:666,141,0,0
BRDA:666,141,1,0
BRDA:670,142,0,0
BRDA:670,142,1,0
BRDA:670,143,0,0
BRDA:670,143,1,0
BRDA:672,144,0,0
BRDA:672,144,1,0
BRDA:680,145,0,0
BRDA:680,145,1,0
BRDA:680,146,0,0
BRDA:680,146,1,0
BRDA:683,147,0,0
BRDA:683,147,1,0
BRDA:686,148,0,0
BRDA:686,148,1,0
BRDA:686,149,0,0
BRDA:686,149,1,0
BRDA:686,149,2,0
BRDA:689,150,0,0
BRDA:689,150,1,0
BRDA:692,151,0,0
BRDA:692,151,1,0
BRDA:692,152,0,0
BRDA:692,152,1,0
BRDA:695,153,0,0
BRDA:695,153,1,0
BRDA:698,154,0,0
BRDA:698,154,1,0
BRDA:701,155,0,0
BRDA:701,155,1,0
BRDA:704,156,0,0
BRDA:704,156,1,0
BRDA:707,157,0,0
BRDA:707,157,1,0
BRDA:710,158,0,0
BRDA:710,158,1,0
BRDA:713,159,0,0
BRDA:713,159,1,0
BRDA:716,160,0,0
BRDA:716,160,1,0
BRDA:716,161,0,0
BRDA:716,161,1,0
BRDA:719,162,0,0
BRDA:719,162,1,0
BRDA:723,163,0,0
BRDA:723,163,1,0
BRDA:728,164,0,0
BRDA:728,164,1,0
BRDA:735,165,0,0
BRDA:735,165,1,0
BRDA:740,166,0,0
BRDA:740,166,1,0
BRDA:748,167,0,0
BRDA:748,167,1,0
BRDA:749,168,0,0
BRDA:749,168,1,0
BRDA:750,169,0,0
BRDA:750,169,1,0
BRDA:750,170,0,0
BRDA:750,170,1,0
BRDA:750,170,2,0
BRDA:750,170,3,0
BRDA:751,171,0,0
BRDA:751,171,1,0
BRDA:752,172,0,0
BRDA:752,172,1,0
BRDA:752,173,0,0
BRDA:752,173,1,0
BRDA:754,174,0,0
BRDA:754,174,1,0
BRDA:761,175,0,0
BRDA:761,175,1,0
BRDA:762,176,0,0
BRDA:762,176,1,0
BRDA:763,177,0,0
BRDA:763,177,1,0
BRDA:763,178,0,0
BRDA:763,178,1,0
BRDA:763,178,2,0
BRDA:763,178,3,0
BRDA:764,179,0,0
BRDA:764,179,1,0
BRDA:765,180,0,0
BRDA:765,180,1,0
BRDA:765,181,0,0
BRDA:765,181,1,0
BRDA:767,182,0,0
BRDA:767,182,1,0
BRDA:774,183,0,0
BRDA:774,183,1,0
BRDA:775,184,0,0
BRDA:775,184,1,0
BRDA:776,185,0,0
BRDA:776,185,1,0
BRDA:776,186,0,0
BRDA:776,186,1,0
BRDA:776,186,2,0
BRDA:776,186,3,0
BRDA:777,187,0,0
BRDA:777,187,1,0
BRDA:778,188,0,0
BRDA:778,188,1,0
BRDA:778,189,0,0
BRDA:778,189,1,0
BRDA:780,190,0,0
BRDA:780,190,1,0
BRDA:787,191,0,0
BRDA:787,191,1,0
BRDA:788,192,0,0
BRDA:788,192,1,0
BRDA:789,193,0,0
BRDA:789,193,1,0
BRDA:789,194,0,0
BRDA:789,194,1,0
BRDA:789,194,2,0
BRDA:789,194,3,0
BRDA:790,195,0,0
BRDA:790,195,1,0
BRDA:791,196,0,0
BRDA:791,196,1,0
BRDA:791,197,0,0
BRDA:791,197,1,0
BRDA:793,198,0,0
BRDA:793,198,1,0
BRDA:800,199,0,0
BRDA:800,199,1,0
BRDA:801,200,0,0
BRDA:801,200,1,0
BRDA:802,201,0,0
BRDA:802,201,1,0
BRDA:802,202,0,0
BRDA:802,202,1,0
BRDA:802,202,2,0
BRDA:802,202,3,0
BRDA:803,203,0,0
BRDA:803,203,1,0
BRDA:804,204,0,0
BRDA:804,204,1,0
BRDA:804,205,0,0
BRDA:804,205,1,0
BRDA:806,206,0,0
BRDA:806,206,1,0
BRDA:813,207,0,0
BRDA:813,207,1,0
BRDA:814,208,0,0
BRDA:814,208,1,0
BRDA:815,209,0,0
BRDA:815,209,1,0
BRDA:815,210,0,0
BRDA:815,210,1,0
BRDA:815,210,2,0
BRDA:815,210,3,0
BRDA:816,211,0,0
BRDA:816,211,1,0
BRDA:817,212,0,0
BRDA:817,212,1,0
BRDA:817,213,0,0
BRDA:817,213,1,0
BRDA:819,214,0,0
BRDA:819,214,1,0
BRDA:826,215,0,0
BRDA:826,215,1,0
BRDA:843,216,0,0
BRDA:843,216,1,0
BRDA:846,217,0,0
BRDA:846,217,1,0
BRDA:856,218,0,0
BRDA:856,218,1,1
BRDA:856,219,0,1
BRDA:856,219,1,0
BRDA:856,219,2,0
BRDA:865,220,0,1
BRDA:865,220,1,0
BRDA:877,221,0,0
BRDA:877,221,1,0
BRDA:891,222,0,0
BRDA:891,222,1,1
BRDA:891,223,0,1
BRDA:891,223,1,0
BRDA:891,223,2,0
BRDA:900,224,0,1
BRDA:900,224,1,0
BRDA:912,225,0,0
BRDA:912,225,1,0
BRF:581
BRH:6
end_of_record
TN:
SF:services/currencyService.js
FN:12,(anonymous_0)
FN:56,(anonymous_1)
FNF:2
FNH:0
FNDA:0,(anonymous_0)
FNDA:0,(anonymous_1)
DA:1,2
DA:4,2
DA:10,2
DA:12,2
DA:13,0
DA:15,0
DA:16,0
DA:18,0
DA:19,0
DA:23,0
DA:24,0
DA:26,0
DA:27,0
DA:31,0
DA:32,0
DA:33,0
DA:36,0
DA:38,0
DA:40,0
DA:41,0
DA:42,0
DA:46,0
DA:47,0
DA:56,2
DA:57,0
DA:58,0
DA:67,0
DA:68,0
DA:69,0
DA:72,0
DA:73,0
DA:76,2
LF:32
LH:6
BRDA:12,0,0,0
BRDA:16,1,0,0
BRDA:16,1,1,0
BRDA:16,2,0,0
BRDA:16,2,1,0
BRDA:16,2,2,0
BRDA:18,3,0,0
BRDA:18,3,1,0
BRDA:26,4,0,0
BRDA:26,4,1,0
BRDA:26,5,0,0
BRDA:26,5,1,0
BRDA:40,6,0,0
BRDA:40,6,1,0
BRDA:40,7,0,0
BRDA:40,7,1,0
BRDA:57,8,0,0
BRDA:57,8,1,0
BRDA:57,9,0,0
BRDA:57,9,1,0
BRDA:58,10,0,0
BRDA:58,10,1,0
BRDA:67,11,0,0
BRDA:67,11,1,0
BRF:24
BRH:0
end_of_record
TN:
SF:services/externalApiService.js
FN:12,(anonymous_0)
FN:28,(anonymous_1)
FN:44,(anonymous_2)
FN:130,(anonymous_3)
FN:151,(anonymous_4)
FN:328,(anonymous_5)
FNF:6
FNH:2
FNDA:1,(anonymous_0)
FNDA:1,(anonymous_1)
FNDA:0,(anonymous_2)
FNDA:0,(anonymous_3)
FNDA:0,(anonymous_4)
FNDA:0,(anonymous_5)
DA:1,2
DA:4,2
DA:12,2
DA:13,1
DA:14,1
DA:15,1
DA:20,1
DA:22,0
DA:23,0
DA:28,2
DA:29,1
DA:30,1
DA:31,1
DA:36,1
DA:38,0
DA:39,0
DA:44,2
DA:45,0
DA:56,0
DA:59,0
DA:60,0
DA:63,0
DA:64,0
DA:67,0
DA:68,0
DA:72,0
DA:73,0
DA:76,0
DA:77,0
DA:80,0
DA:83,0
DA:91,0
DA:92,0
DA:94,0
DA:119,0
DA:120,0
DA:121,0
DA:122,0
DA:126,0
DA:128,0
DA:130,0
DA:132,0
DA:136,0
DA:139,0
DA:143,0
DA:145,0
DA:146,0
DA:151,2
DA:152,0
DA:188,0
DA:190,0
DA:191,0
DA:193,0
DA:196,0
DA:241,0
DA:242,0
DA:243,0
DA:245,0
DA:248,0
DA:257,0
DA:260,0
DA:261,0
DA:263,0
DA:266,0
DA:269,0
DA:270,0
DA:273,0
DA:278,0
DA:280,0
DA:281,0
DA:282,0
DA:284,0
DA:287,0
DA:290,0
DA:299,0
DA:304,0
DA:305,0
DA:312,0
DA:314,0
DA:317,0
DA:319,0
DA:320,0
DA:321,0
DA:323,0
DA:328,2
DA:329,0
DA:330,0
DA:331,0
DA:340,0
DA:342,0
DA:343,0
DA:347,2
LF:92
LH:16
BRDA:51,0,0,0
BRDA:52,1,0,0
BRDA:53,2,0,0
BRDA:54,3,0,0
BRDA:55,4,0,0
BRDA:59,5,0,0
BRDA:59,5,1,0
BRDA:59,6,0,0
BRDA:59,6,1,0
BRDA:59,6,2,0
BRDA:59,6,3,0
BRDA:63,7,0,0
BRDA:63,7,1,0
BRDA:63,8,0,0
BRDA:63,8,1,0
BRDA:63,8,2,0
BRDA:63,8,3,0
BRDA:67,9,0,0
BRDA:67,9,1,0
BRDA:67,10,0,0
BRDA:67,10,1,0
BRDA:76,11,0,0
BRDA:76,11,1,0
BRDA:76,12,0,0
BRDA:76,12,1,0
BRDA:119,13,0,0
BRDA:119,13,1,0
BRDA:119,14,0,0
BRDA:119,14,1,0
BRDA:121,15,0,0
BRDA:121,15,1,0
BRDA:121,16,0,0
BRDA:121,16,1,0
BRDA:122,17,0,0
BRDA:122,17,1,0
BRDA:126,18,0,0
BRDA:126,18,1,0
BRDA:126,19,0,0
BRDA:126,19,1,0
BRDA:126,19,2,0
BRDA:126,19,3,0
BRDA:132,20,0,0
BRDA:132,20,1,0
BRDA:132,20,2,0
BRDA:132,20,3,0
BRDA:132,21,0,0
BRDA:132,21,1,0
BRDA:136,22,0,0
BRDA:136,22,1,0
BRDA:166,23,0,0
BRDA:167,24,0,0
BRDA:168,25,0,0
BRDA:169,26,0,0
BRDA:175,27,0,0
BRDA:176,28,0,0
BRDA:177,29,0,0
BRDA:178,30,0,0
BRDA:179,31,0,0
BRDA:180,32,0,0
BRDA:181,33,0,0
BRDA:182,34,0,0
BRDA:187,35,0,0
BRDA:200,36,0,0
BRDA:200,36,1,0
BRDA:201,37,0,0
BRDA:201,37,1,0
BRDA:202,38,0,0
BRDA:202,38,1,0
BRDA:203,39,0,0
BRDA:203,39,1,0
BRDA:204,40,0,0
BRDA:204,40,1,0
BRDA:220,41,0,0
BRDA:220,41,1,0
BRDA:221,42,0,0
BRDA:221,42,1,0
BRDA:222,43,0,0
BRDA:222,43,1,0
BRDA:223,44,0,0
BRDA:223,44,1,0
BRDA:224,45,0,0
BRDA:224,45,1,0
BRDA:225,46,0,0
BRDA:225,46,1,0
BRDA:226,47,0,0
BRDA:226,47,1,0
BRDA:227,48,0,0
BRDA:227,48,1,0
BRDA:228,49,0,0
BRDA:228,49,1,0
BRDA:229,50,0,0
BRDA:229,50,1,0
BRDA:230,51,0,0
BRDA:230,51,1,0
BRDA:231,52,0,0
BRDA:231,52,1,0
BRDA:232,53,0,0
BRDA:232,53,1,0
BRDA:234,54,0,0
BRDA:234,54,1,0
BRDA:235,55,0,0
BRDA:235,55,1,0
BRDA:236,56,0,0
BRDA:236,56,1,0
BRDA:237,57,0,0
BRDA:237,57,1,0
BRDA:253,58,0,0
BRDA:253,58,1,0
BRDA:253,59,0,0
BRDA:253,59,1,0
BRDA:257,60,0,0
BRDA:257,60,1,0
BRDA:257,61,0,0
BRDA:257,61,1,0
BRDA:257,61,2,0
BRDA:257,61,3,0
BRDA:257,61,4,0
BRDA:263,62,0,0
BRDA:263,62,1,0
BRDA:269,63,0,0
BRDA:269,63,1,0
BRDA:269,64,0,0
BRDA:269,64,1,0
BRDA:273,65,0,0
BRDA:273,65,1,0
BRDA:273,65,2,0
BRDA:273,65,3,0
BRDA:273,65,4,0
BRDA:273,65,5,0
BRDA:278,66,0,0
BRDA:278,66,1,0
BRDA:278,67,0,0
BRDA:278,67,1,0
BRDA:280,68,0,0
BRDA:280,68,1,0
BRDA:287,69,0,0
BRDA:287,69,1,0
BRDA:287,69,2,0
BRDA:287,69,3,0
BRDA:287,69,4,0
BRDA:287,69,5,0
BRDA:287,69,6,0
BRDA:289,70,0,0
BRDA:289,70,1,0
BRDA:304,71,0,0
BRDA:304,71,1,0
BRDA:309,72,0,0
BRDA:309,72,1,0
BRDA:312,73,0,0
BRDA:312,73,1,0
BRDA:312,74,0,0
BRDA:312,74,1,0
BRDA:320,75,0,0
BRDA:320,75,1,0
BRF:154
BRH:0
end_of_record
TN:
SF:services/paymentService.js
FN:10,(anonymous_0)
FNF:1
FNH:0
FNDA:0,(anonymous_0)
DA:1,0
DA:10,0
DA:11,0
DA:13,0
DA:14,0
DA:15,0
DA:22,0
DA:24,0
DA:35,0
DA:40,0
DA:41,0
DA:45,0
LF:12
LH:0
BRDA:1,0,0,0
BRDA:1,0,1,0
BRDA:10,1,0,0
BRDA:13,2,0,0
BRDA:13,2,1,0
BRDA:13,3,0,0
BRDA:13,3,1,0
BRDA:31,4,0,0
BRDA:31,4,1,0
BRF:9
BRH:0
end_of_record
TN:
SF:services/paytrService.js
FN:9,(anonymous_0)
FN:103,(anonymous_1)
FNF:2
FNH:0
FNDA:0,(anonymous_0)
FNDA:0,(anonymous_1)
DA:1,0
DA:2,0
DA:9,0
DA:20,0
DA:22,0
DA:23,0
DA:24,0
DA:27,0
DA:28,0
DA:29,0
DA:33,0
DA:34,0
DA:35,0
DA:36,0
DA:37,0
DA:38,0
DA:41,0
DA:42,0
DA:43,0
DA:47,0
DA:51,0
DA:53,0
DA:58,0
DA:59,0
DA:60,0
DA:61,0
DA:62,0
DA:63,0
DA:64,0
DA:65,0
DA:66,0
DA:67,0
DA:68,0
DA:69,0
DA:70,0
DA:71,0
DA:72,0
DA:73,0
DA:74,0
DA:75,0
DA:76,0
DA:77,0
DA:79,0
DA:80,0
DA:86,0
DA:87,0
DA:89,0
DA:90,0
DA:93,0
DA:94,0
DA:103,0
DA:104,0
DA:105,0
DA:107,0
DA:111,0
DA:115,0
DA:118,0
LF:57
LH:0
BRDA:16,0,0,0
BRDA:27,1,0,0
BRDA:27,1,1,0
BRDA:27,2,0,0
BRDA:27,2,1,0
BRDA:27,2,2,0
BRDA:36,3,0,0
BRDA:36,3,1,0
BRDA:41,4,0,0
BRDA:41,4,1,0
BRDA:86,5,0,0
BRDA:86,5,1,0
BRF:12
BRH:0
end_of_record
TN:
SF:services/reservationCache.js
FN:7,(anonymous_0)
FN:14,(anonymous_1)
FN:27,(anonymous_2)
FN:33,(anonymous_3)
FN:35,(anonymous_4)
FN:60,(anonymous_5)
FNF:6
FNH:0
FNDA:0,(anonymous_0)
FNDA:0,(anonymous_1)
FNDA:0,(anonymous_2)
FNDA:0,(anonymous_3)
FNDA:0,(anonymous_4)
FNDA:0,(anonymous_5)
DA:4,2
DA:7,2
DA:8,0
DA:9,0
DA:10,0
DA:14,2
DA:15,0
DA:16,0
DA:17,0
DA:19,0
DA:20,0
DA:21,0
DA:22,0
DA:23,0
DA:27,2
DA:28,0
DA:29,0
DA:33,2
DA:34,0
DA:35,0
DA:36,0
DA:37,0
DA:38,0
DA:39,0
DA:42,0
DA:43,0
DA:44,0
DA:45,0
DA:48,0
DA:49,0
DA:56,0
DA:60,2
DA:61,0
DA:62,0
DA:65,2
LF:35
LH:7
BRDA:15,0,0,0
BRDA:15,0,1,0
BRDA:15,1,0,0
BRDA:15,1,1,0
BRDA:37,2,0,0
BRDA:37,2,1,0
BRDA:48,3,0,0
BRDA:48,3,1,0
BRDA:48,4,0,0
BRDA:48,4,1,0
BRF:10
BRH:0
end_of_record
